mode: set
github.com/SamuelMarks/cdd-go/src/docstrings/emit.go:11.40,12.16 1 1
github.com/SamuelMarks/cdd-go/src/docstrings/emit.go:12.16,14.3 1 1
github.com/SamuelMarks/cdd-go/src/docstrings/emit.go:15.2,17.29 3 1
github.com/SamuelMarks/cdd-go/src/docstrings/emit.go:17.29,19.3 1 1
github.com/SamuelMarks/cdd-go/src/docstrings/emit.go:20.2,20.13 1 1
github.com/SamuelMarks/cdd-go/src/docstrings/parse.go:10.41,11.20 1 1
github.com/SamuelMarks/cdd-go/src/docstrings/parse.go:11.20,13.3 1 1
github.com/SamuelMarks/cdd-go/src/docstrings/parse.go:14.2,15.27 2 1
github.com/SamuelMarks/cdd-go/src/docstrings/parse.go:15.27,17.3 1 1
github.com/SamuelMarks/cdd-go/src/docstrings/parse.go:18.2,18.32 1 1
github.com/SamuelMarks/cdd-go/src/components/emit.go:18.48,19.17 1 1
github.com/SamuelMarks/cdd-go/src/components/emit.go:19.17,21.3 1 1
github.com/SamuelMarks/cdd-go/src/components/emit.go:23.2,26.33 2 1
github.com/SamuelMarks/cdd-go/src/components/emit.go:26.33,27.50 1 1
github.com/SamuelMarks/cdd-go/src/components/emit.go:27.50,28.64 1 1
github.com/SamuelMarks/cdd-go/src/components/emit.go:28.64,30.5 1 1
github.com/SamuelMarks/cdd-go/src/components/emit.go:35.2,35.28 1 1
github.com/SamuelMarks/cdd-go/src/components/emit.go:35.28,36.44 1 1
github.com/SamuelMarks/cdd-go/src/components/emit.go:36.44,37.53 1 1
github.com/SamuelMarks/cdd-go/src/components/emit.go:37.53,47.34 2 1
github.com/SamuelMarks/cdd-go/src/components/emit.go:47.34,49.6 1 1
github.com/SamuelMarks/cdd-go/src/components/emit.go:50.5,50.32 1 1
github.com/SamuelMarks/cdd-go/src/components/emit.go:56.2,56.25 1 1
github.com/SamuelMarks/cdd-go/src/components/emit.go:56.25,57.42 1 1
github.com/SamuelMarks/cdd-go/src/components/emit.go:57.42,58.58 1 1
github.com/SamuelMarks/cdd-go/src/components/emit.go:58.58,68.34 2 1
github.com/SamuelMarks/cdd-go/src/components/emit.go:68.34,70.6 1 1
github.com/SamuelMarks/cdd-go/src/components/emit.go:71.5,71.32 1 1
github.com/SamuelMarks/cdd-go/src/components/emit.go:77.2,77.31 1 1
github.com/SamuelMarks/cdd-go/src/components/emit.go:77.31,78.44 1 1
github.com/SamuelMarks/cdd-go/src/components/emit.go:78.44,79.56 1 1
github.com/SamuelMarks/cdd-go/src/components/emit.go:79.56,89.35 2 1
github.com/SamuelMarks/cdd-go/src/components/emit.go:89.35,91.6 1 1
github.com/SamuelMarks/cdd-go/src/components/emit.go:92.5,92.32 1 1
github.com/SamuelMarks/cdd-go/src/components/emit.go:98.2,98.27 1 1
github.com/SamuelMarks/cdd-go/src/components/emit.go:98.27,99.42 1 1
github.com/SamuelMarks/cdd-go/src/components/emit.go:99.42,101.62 2 1
github.com/SamuelMarks/cdd-go/src/components/emit.go:101.62,103.27 2 1
github.com/SamuelMarks/cdd-go/src/components/emit.go:103.27,105.37 2 1
github.com/SamuelMarks/cdd-go/src/components/emit.go:105.37,106.70 1 1
github.com/SamuelMarks/cdd-go/src/components/emit.go:106.70,107.16 1 1
github.com/SamuelMarks/cdd-go/src/components/emit.go:109.7,109.112 1 1
github.com/SamuelMarks/cdd-go/src/components/emit.go:111.6,111.67 1 1
github.com/SamuelMarks/cdd-go/src/components/emit.go:114.5,123.32 2 1
github.com/SamuelMarks/cdd-go/src/components/emit.go:129.2,129.25 1 1
github.com/SamuelMarks/cdd-go/src/components/emit.go:129.25,130.42 1 1
github.com/SamuelMarks/cdd-go/src/components/emit.go:130.42,131.56 1 1
github.com/SamuelMarks/cdd-go/src/components/emit.go:131.56,133.5 1 1
github.com/SamuelMarks/cdd-go/src/components/emit.go:137.2,137.14 1 1
github.com/SamuelMarks/cdd-go/src/components/emit.go:140.36,141.13 1 1
github.com/SamuelMarks/cdd-go/src/components/emit.go:141.13,143.3 1 1
github.com/SamuelMarks/cdd-go/src/components/emit.go:144.2,144.32 1 1
github.com/SamuelMarks/cdd-go/src/components/emit.go:144.32,146.3 1 1
github.com/SamuelMarks/cdd-go/src/components/emit.go:147.2,147.10 1 1
github.com/SamuelMarks/cdd-go/src/components/parse.go:18.48,19.17 1 1
github.com/SamuelMarks/cdd-go/src/components/parse.go:19.17,21.3 1 1
github.com/SamuelMarks/cdd-go/src/components/parse.go:23.2,34.34 3 1
github.com/SamuelMarks/cdd-go/src/components/parse.go:34.34,35.45 1 1
github.com/SamuelMarks/cdd-go/src/components/parse.go:35.45,36.32 1 1
github.com/SamuelMarks/cdd-go/src/components/parse.go:36.32,37.40 1 1
github.com/SamuelMarks/cdd-go/src/components/parse.go:37.40,38.66 1 1
github.com/SamuelMarks/cdd-go/src/components/parse.go:38.66,41.52 2 1
github.com/SamuelMarks/cdd-go/src/components/parse.go:41.52,43.25 2 1
github.com/SamuelMarks/cdd-go/src/components/parse.go:43.25,46.9 2 1
github.com/SamuelMarks/cdd-go/src/components/parse.go:47.13,47.50 1 1
github.com/SamuelMarks/cdd-go/src/components/parse.go:47.50,53.46 3 1
github.com/SamuelMarks/cdd-go/src/components/parse.go:53.46,59.9 5 1
github.com/SamuelMarks/cdd-go/src/components/parse.go:60.13,60.51 1 1
github.com/SamuelMarks/cdd-go/src/components/parse.go:60.51,66.43 3 1
github.com/SamuelMarks/cdd-go/src/components/parse.go:66.43,71.9 4 1
github.com/SamuelMarks/cdd-go/src/components/parse.go:75.10,75.40 1 1
github.com/SamuelMarks/cdd-go/src/components/parse.go:75.40,76.40 1 1
github.com/SamuelMarks/cdd-go/src/components/parse.go:76.40,77.44 1 1
github.com/SamuelMarks/cdd-go/src/components/parse.go:77.44,79.49 2 1
github.com/SamuelMarks/cdd-go/src/components/parse.go:79.49,82.51 3 1
github.com/SamuelMarks/cdd-go/src/components/parse.go:82.51,87.9 4 1
github.com/SamuelMarks/cdd-go/src/components/parse.go:88.13,88.53 1 1
github.com/SamuelMarks/cdd-go/src/components/parse.go:88.53,90.51 2 1
github.com/SamuelMarks/cdd-go/src/components/parse.go:90.51,92.9 1 1
github.com/SamuelMarks/cdd-go/src/components/parse.go:93.8,93.54 1 1
github.com/SamuelMarks/cdd-go/src/components/parse.go:93.54,94.38 1 1
github.com/SamuelMarks/cdd-go/src/components/parse.go:94.38,99.10 4 1
github.com/SamuelMarks/cdd-go/src/components/parse.go:101.13,103.32 2 1
github.com/SamuelMarks/cdd-go/src/components/parse.go:103.32,106.9 2 1
github.com/SamuelMarks/cdd-go/src/components/parse.go:114.2,114.17 1 1
github.com/SamuelMarks/cdd-go/src/components/parse.go:114.17,116.3 1 1
github.com/SamuelMarks/cdd-go/src/components/parse.go:118.2,118.13 1 1
github.com/SamuelMarks/cdd-go/src/clients/emit.go:13.89,14.21 1 1
github.com/SamuelMarks/cdd-go/src/clients/emit.go:14.21,16.3 1 1
github.com/SamuelMarks/cdd-go/src/clients/emit.go:18.2,23.25 3 1
github.com/SamuelMarks/cdd-go/src/clients/emit.go:23.25,25.3 1 1
github.com/SamuelMarks/cdd-go/src/clients/emit.go:26.2,26.26 1 1
github.com/SamuelMarks/cdd-go/src/clients/emit.go:26.26,28.3 1 1
github.com/SamuelMarks/cdd-go/src/clients/emit.go:29.2,29.25 1 1
github.com/SamuelMarks/cdd-go/src/clients/emit.go:29.25,31.3 1 1
github.com/SamuelMarks/cdd-go/src/clients/emit.go:32.2,32.28 1 1
github.com/SamuelMarks/cdd-go/src/clients/emit.go:32.28,34.3 1 1
github.com/SamuelMarks/cdd-go/src/clients/emit.go:35.2,35.27 1 1
github.com/SamuelMarks/cdd-go/src/clients/emit.go:35.27,37.3 1 1
github.com/SamuelMarks/cdd-go/src/clients/emit.go:38.2,38.29 1 1
github.com/SamuelMarks/cdd-go/src/clients/emit.go:38.29,40.3 1 1
github.com/SamuelMarks/cdd-go/src/clients/emit.go:41.2,41.26 1 1
github.com/SamuelMarks/cdd-go/src/clients/emit.go:41.26,43.3 1 1
github.com/SamuelMarks/cdd-go/src/clients/emit.go:44.2,44.27 1 1
github.com/SamuelMarks/cdd-go/src/clients/emit.go:44.27,46.3 1 1
github.com/SamuelMarks/cdd-go/src/clients/emit.go:48.2,53.28 2 1
github.com/SamuelMarks/cdd-go/src/clients/emit.go:53.28,55.3 1 1
github.com/SamuelMarks/cdd-go/src/clients/emit.go:57.2,60.8 1 1
github.com/SamuelMarks/cdd-go/src/clients/emit.go:63.75,65.26 2 1
github.com/SamuelMarks/cdd-go/src/clients/emit.go:65.26,67.3 1 1
github.com/SamuelMarks/cdd-go/src/clients/emit.go:69.2,106.22 4 1
github.com/SamuelMarks/cdd-go/src/clients/emit.go:106.22,108.3 1 1
github.com/SamuelMarks/cdd-go/src/clients/emit.go:110.2,110.10 1 1
github.com/SamuelMarks/cdd-go/src/clients/emit.go:113.35,116.26 3 1
github.com/SamuelMarks/cdd-go/src/clients/emit.go:116.26,119.14 3 1
github.com/SamuelMarks/cdd-go/src/clients/emit.go:119.14,121.4 1 1
github.com/SamuelMarks/cdd-go/src/clients/emit.go:123.2,123.15 1 1
github.com/SamuelMarks/cdd-go/src/clients/emit.go:123.15,125.3 1 1
github.com/SamuelMarks/cdd-go/src/clients/emit.go:126.2,126.12 1 1
github.com/SamuelMarks/cdd-go/src/clients/parse.go:12.72,13.15 1 1
github.com/SamuelMarks/cdd-go/src/clients/parse.go:13.15,15.3 1 1
github.com/SamuelMarks/cdd-go/src/clients/parse.go:17.2,18.9 2 1
github.com/SamuelMarks/cdd-go/src/clients/parse.go:18.9,20.3 1 1
github.com/SamuelMarks/cdd-go/src/clients/parse.go:22.2,24.28 2 1
github.com/SamuelMarks/cdd-go/src/clients/parse.go:24.28,26.37 2 1
github.com/SamuelMarks/cdd-go/src/clients/parse.go:26.37,28.4 1 1
github.com/SamuelMarks/cdd-go/src/clients/parse.go:29.3,29.45 1 1
github.com/SamuelMarks/cdd-go/src/clients/parse.go:32.2,32.43 1 1
github.com/SamuelMarks/cdd-go/src/clients/parse.go:32.43,33.28 1 1
github.com/SamuelMarks/cdd-go/src/clients/parse.go:33.28,34.12 1 1
github.com/SamuelMarks/cdd-go/src/clients/parse.go:37.3,43.32 4 1
github.com/SamuelMarks/cdd-go/src/clients/parse.go:43.32,45.41 2 1
github.com/SamuelMarks/cdd-go/src/clients/parse.go:45.41,46.46 1 1
github.com/SamuelMarks/cdd-go/src/clients/parse.go:46.46,48.6 1 1
github.com/SamuelMarks/cdd-go/src/clients/parse.go:48.11,50.6 1 1
github.com/SamuelMarks/cdd-go/src/clients/parse.go:52.4,52.40 1 1
github.com/SamuelMarks/cdd-go/src/clients/parse.go:55.3,56.22 2 1
github.com/SamuelMarks/cdd-go/src/clients/parse.go:56.22,58.4 1 1
github.com/SamuelMarks/cdd-go/src/clients/parse.go:60.3,60.42 1 1
github.com/SamuelMarks/cdd-go/src/clients/parse.go:60.42,62.4 1 1
github.com/SamuelMarks/cdd-go/src/clients/parse.go:62.9,62.50 1 1
github.com/SamuelMarks/cdd-go/src/clients/parse.go:62.50,64.4 1 1
github.com/SamuelMarks/cdd-go/src/clients/parse.go:64.9,64.49 1 1
github.com/SamuelMarks/cdd-go/src/clients/parse.go:64.49,66.4 1 1
github.com/SamuelMarks/cdd-go/src/clients/parse.go:66.9,66.52 1 1
github.com/SamuelMarks/cdd-go/src/clients/parse.go:66.52,68.4 1 1
github.com/SamuelMarks/cdd-go/src/clients/parse.go:68.9,68.51 1 1
github.com/SamuelMarks/cdd-go/src/clients/parse.go:68.51,70.4 1 1
github.com/SamuelMarks/cdd-go/src/clients/parse.go:73.2,73.22 1 1
github.com/SamuelMarks/cdd-go/src/functions/emit.go:13.66,14.15 1 1
github.com/SamuelMarks/cdd-go/src/functions/emit.go:14.15,16.3 1 1
github.com/SamuelMarks/cdd-go/src/functions/emit.go:18.2,19.26 2 1
github.com/SamuelMarks/cdd-go/src/functions/emit.go:19.26,21.3 1 1
github.com/SamuelMarks/cdd-go/src/functions/emit.go:23.2,36.46 2 1
github.com/SamuelMarks/cdd-go/src/functions/emit.go:36.46,38.27 2 1
github.com/SamuelMarks/cdd-go/src/functions/emit.go:38.27,39.18 1 1
github.com/SamuelMarks/cdd-go/src/functions/emit.go:39.18,41.5 1 1
github.com/SamuelMarks/cdd-go/src/functions/emit.go:42.4,42.26 1 1
github.com/SamuelMarks/cdd-go/src/functions/emit.go:44.3,44.40 1 1
github.com/SamuelMarks/cdd-go/src/functions/emit.go:47.2,47.16 1 1
github.com/SamuelMarks/cdd-go/src/functions/parse.go:13.67,14.15 1 1
github.com/SamuelMarks/cdd-go/src/functions/parse.go:14.15,16.3 1 1
github.com/SamuelMarks/cdd-go/src/functions/parse.go:18.2,22.28 2 1
github.com/SamuelMarks/cdd-go/src/functions/parse.go:22.28,26.21 4 1
github.com/SamuelMarks/cdd-go/src/functions/parse.go:26.21,28.4 1 1
github.com/SamuelMarks/cdd-go/src/functions/parse.go:31.2,31.16 1 1
github.com/SamuelMarks/cdd-go/src/callbacks/emit.go:12.65,13.21 1 1
github.com/SamuelMarks/cdd-go/src/callbacks/emit.go:13.21,15.3 1 1
github.com/SamuelMarks/cdd-go/src/callbacks/emit.go:17.2,22.30 2 1
github.com/SamuelMarks/cdd-go/src/callbacks/emit.go:22.30,36.3 2 1
github.com/SamuelMarks/cdd-go/src/callbacks/emit.go:38.2,47.13 2 1
github.com/SamuelMarks/cdd-go/src/callbacks/emit.go:50.36,51.13 1 1
github.com/SamuelMarks/cdd-go/src/callbacks/emit.go:51.13,53.3 1 1
github.com/SamuelMarks/cdd-go/src/callbacks/emit.go:54.2,54.32 1 1
github.com/SamuelMarks/cdd-go/src/callbacks/emit.go:54.32,56.3 1 1
github.com/SamuelMarks/cdd-go/src/callbacks/emit.go:57.2,57.10 1 1
github.com/SamuelMarks/cdd-go/src/callbacks/parse.go:13.59,14.42 1 1
github.com/SamuelMarks/cdd-go/src/callbacks/parse.go:14.42,16.3 1 1
github.com/SamuelMarks/cdd-go/src/callbacks/parse.go:18.2,18.34 1 1
github.com/SamuelMarks/cdd-go/src/callbacks/parse.go:18.34,19.42 1 1
github.com/SamuelMarks/cdd-go/src/callbacks/parse.go:19.42,20.98 1 1
github.com/SamuelMarks/cdd-go/src/callbacks/parse.go:20.98,21.55 1 1
github.com/SamuelMarks/cdd-go/src/callbacks/parse.go:21.55,23.20 2 1
github.com/SamuelMarks/cdd-go/src/callbacks/parse.go:23.20,25.7 1 1
github.com/SamuelMarks/cdd-go/src/callbacks/parse.go:27.6,30.34 3 1
github.com/SamuelMarks/cdd-go/src/callbacks/parse.go:30.34,31.48 1 1
github.com/SamuelMarks/cdd-go/src/callbacks/parse.go:31.48,32.83 1 1
github.com/SamuelMarks/cdd-go/src/callbacks/parse.go:32.83,34.58 2 1
github.com/SamuelMarks/cdd-go/src/callbacks/parse.go:34.58,36.43 2 1
github.com/SamuelMarks/cdd-go/src/callbacks/parse.go:36.43,37.56 1 1
github.com/SamuelMarks/cdd-go/src/callbacks/parse.go:37.56,38.81 1 1
github.com/SamuelMarks/cdd-go/src/callbacks/parse.go:38.81,39.90 1 1
github.com/SamuelMarks/cdd-go/src/callbacks/parse.go:39.90,42.14 2 1
github.com/SamuelMarks/cdd-go/src/callbacks/parse.go:46.10,46.31 1 1
github.com/SamuelMarks/cdd-go/src/callbacks/parse.go:52.6,52.20 1 1
github.com/SamuelMarks/cdd-go/src/callbacks/parse.go:52.20,54.7 1 1
github.com/SamuelMarks/cdd-go/src/callbacks/parse.go:60.2,60.16 1 1
github.com/SamuelMarks/cdd-go/src/headers/emit.go:11.59,12.19 1 1
github.com/SamuelMarks/cdd-go/src/headers/emit.go:12.19,14.3 1 1
github.com/SamuelMarks/cdd-go/src/headers/emit.go:16.2,17.26 2 1
github.com/SamuelMarks/cdd-go/src/headers/emit.go:17.26,18.38 1 1
github.com/SamuelMarks/cdd-go/src/headers/emit.go:18.38,20.4 1 1
github.com/SamuelMarks/cdd-go/src/headers/emit.go:20.9,20.45 1 1
github.com/SamuelMarks/cdd-go/src/headers/emit.go:20.45,22.4 1 1
github.com/SamuelMarks/cdd-go/src/headers/emit.go:22.9,22.44 1 1
github.com/SamuelMarks/cdd-go/src/headers/emit.go:22.44,24.4 1 1
github.com/SamuelMarks/cdd-go/src/headers/emit.go:24.9,24.37 1 1
github.com/SamuelMarks/cdd-go/src/headers/emit.go:24.37,27.4 2 1
github.com/SamuelMarks/cdd-go/src/headers/emit.go:30.2,36.30 3 1
github.com/SamuelMarks/cdd-go/src/headers/emit.go:36.30,38.3 1 1
github.com/SamuelMarks/cdd-go/src/headers/emit.go:39.2,39.21 1 1
github.com/SamuelMarks/cdd-go/src/headers/emit.go:39.21,41.3 1 1
github.com/SamuelMarks/cdd-go/src/headers/emit.go:42.2,42.23 1 1
github.com/SamuelMarks/cdd-go/src/headers/emit.go:42.23,44.3 1 1
github.com/SamuelMarks/cdd-go/src/headers/emit.go:46.2,46.19 1 1
github.com/SamuelMarks/cdd-go/src/headers/emit.go:46.19,48.3 1 1
github.com/SamuelMarks/cdd-go/src/headers/emit.go:50.2,50.10 1 1
github.com/SamuelMarks/cdd-go/src/headers/parse.go:11.46,12.18 1 1
github.com/SamuelMarks/cdd-go/src/headers/parse.go:12.18,14.3 1 1
github.com/SamuelMarks/cdd-go/src/headers/parse.go:16.2,19.31 3 1
github.com/SamuelMarks/cdd-go/src/headers/parse.go:19.31,23.30 4 1
github.com/SamuelMarks/cdd-go/src/headers/parse.go:23.30,25.54 2 1
github.com/SamuelMarks/cdd-go/src/headers/parse.go:25.54,28.5 2 1
github.com/SamuelMarks/cdd-go/src/headers/parse.go:28.10,28.40 1 1
github.com/SamuelMarks/cdd-go/src/headers/parse.go:28.40,31.5 2 1
github.com/SamuelMarks/cdd-go/src/headers/parse.go:31.10,33.5 1 1
github.com/SamuelMarks/cdd-go/src/headers/parse.go:35.3,36.31 2 1
github.com/SamuelMarks/cdd-go/src/headers/parse.go:36.31,38.4 1 1
github.com/SamuelMarks/cdd-go/src/headers/parse.go:41.2,41.46 1 1
github.com/SamuelMarks/cdd-go/src/headers/parse.go:41.46,43.76 2 1
github.com/SamuelMarks/cdd-go/src/headers/parse.go:43.76,45.4 1 1
github.com/SamuelMarks/cdd-go/src/headers/parse.go:45.9,45.34 1 1
github.com/SamuelMarks/cdd-go/src/headers/parse.go:45.34,47.4 1 1
github.com/SamuelMarks/cdd-go/src/headers/parse.go:47.9,47.64 1 1
github.com/SamuelMarks/cdd-go/src/headers/parse.go:47.64,49.4 1 1
github.com/SamuelMarks/cdd-go/src/headers/parse.go:49.9,49.36 1 1
github.com/SamuelMarks/cdd-go/src/headers/parse.go:49.36,51.4 1 1
github.com/SamuelMarks/cdd-go/src/headers/parse.go:52.3,52.20 1 1
github.com/SamuelMarks/cdd-go/src/headers/parse.go:55.2,55.17 1 1
github.com/SamuelMarks/cdd-go/src/headers/parse.go:55.17,57.3 1 1
github.com/SamuelMarks/cdd-go/src/headers/parse.go:59.2,59.15 1 1
github.com/SamuelMarks/cdd-go/src/commands/emit.go:13.68,14.15 1 1
github.com/SamuelMarks/cdd-go/src/commands/emit.go:14.15,16.3 1 1
github.com/SamuelMarks/cdd-go/src/commands/emit.go:18.2,19.16 2 1
github.com/SamuelMarks/cdd-go/src/commands/emit.go:19.16,23.3 3 1
github.com/SamuelMarks/cdd-go/src/commands/emit.go:25.2,40.22 3 1
github.com/SamuelMarks/cdd-go/src/commands/emit.go:40.22,45.3 1 1
github.com/SamuelMarks/cdd-go/src/commands/emit.go:47.2,47.26 1 1
github.com/SamuelMarks/cdd-go/src/commands/emit.go:47.26,52.3 1 1
github.com/SamuelMarks/cdd-go/src/commands/emit.go:54.2,72.13 4 1
github.com/SamuelMarks/cdd-go/src/commands/emit.go:75.36,76.13 1 1
github.com/SamuelMarks/cdd-go/src/commands/emit.go:76.13,78.3 1 1
github.com/SamuelMarks/cdd-go/src/commands/emit.go:79.2,81.26 3 1
github.com/SamuelMarks/cdd-go/src/commands/emit.go:81.26,82.14 1 1
github.com/SamuelMarks/cdd-go/src/commands/emit.go:82.14,84.4 1 1
github.com/SamuelMarks/cdd-go/src/commands/emit.go:86.2,86.12 1 1
github.com/SamuelMarks/cdd-go/src/commands/parse.go:13.68,14.42 1 1
github.com/SamuelMarks/cdd-go/src/commands/parse.go:14.42,16.3 1 1
github.com/SamuelMarks/cdd-go/src/commands/parse.go:18.2,19.38 2 1
github.com/SamuelMarks/cdd-go/src/commands/parse.go:19.38,21.38 2 1
github.com/SamuelMarks/cdd-go/src/commands/parse.go:21.38,23.4 1 1
github.com/SamuelMarks/cdd-go/src/commands/parse.go:23.9,23.43 1 1
github.com/SamuelMarks/cdd-go/src/commands/parse.go:23.43,25.4 1 1
github.com/SamuelMarks/cdd-go/src/commands/parse.go:28.2,28.34 1 1
github.com/SamuelMarks/cdd-go/src/commands/parse.go:28.34,29.42 1 1
github.com/SamuelMarks/cdd-go/src/commands/parse.go:29.42,30.93 1 1
github.com/SamuelMarks/cdd-go/src/commands/parse.go:30.93,34.80 3 1
github.com/SamuelMarks/cdd-go/src/commands/parse.go:34.80,36.6 1 1
github.com/SamuelMarks/cdd-go/src/commands/parse.go:38.5,38.18 1 1
github.com/SamuelMarks/cdd-go/src/commands/parse.go:38.18,43.30 4 1
github.com/SamuelMarks/cdd-go/src/commands/parse.go:43.30,45.7 1 1
github.com/SamuelMarks/cdd-go/src/commands/parse.go:47.6,47.34 1 1
github.com/SamuelMarks/cdd-go/src/commands/parse.go:47.34,48.48 1 1
github.com/SamuelMarks/cdd-go/src/commands/parse.go:48.48,49.51 1 1
github.com/SamuelMarks/cdd-go/src/commands/parse.go:49.51,50.86 1 1
github.com/SamuelMarks/cdd-go/src/commands/parse.go:50.86,52.31 2 1
github.com/SamuelMarks/cdd-go/src/commands/parse.go:53.23,55.28 2 1
github.com/SamuelMarks/cdd-go/src/commands/parse.go:56.22,58.28 2 1
github.com/SamuelMarks/cdd-go/src/commands/parse.go:59.21,60.28 1 1
github.com/SamuelMarks/cdd-go/src/commands/parse.go:67.6,67.50 1 1
github.com/SamuelMarks/cdd-go/src/commands/parse.go:67.50,69.7 1 1
github.com/SamuelMarks/cdd-go/src/commands/parse.go:75.2,75.20 1 1
github.com/SamuelMarks/cdd-go/src/classes/emit.go:14.75,15.19 1 1
github.com/SamuelMarks/cdd-go/src/classes/emit.go:15.19,17.3 1 1
github.com/SamuelMarks/cdd-go/src/classes/emit.go:19.2,23.98 2 1
github.com/SamuelMarks/cdd-go/src/classes/emit.go:23.98,29.3 2 1
github.com/SamuelMarks/cdd-go/src/classes/emit.go:29.8,29.66 1 1
github.com/SamuelMarks/cdd-go/src/classes/emit.go:29.66,33.55 2 1
github.com/SamuelMarks/cdd-go/src/classes/emit.go:33.55,42.33 3 1
github.com/SamuelMarks/cdd-go/src/classes/emit.go:42.33,44.5 1 1
github.com/SamuelMarks/cdd-go/src/classes/emit.go:45.4,45.46 1 1
github.com/SamuelMarks/cdd-go/src/classes/emit.go:47.3,47.15 1 1
github.com/SamuelMarks/cdd-go/src/classes/emit.go:48.8,48.35 1 1
github.com/SamuelMarks/cdd-go/src/classes/emit.go:48.35,53.3 2 1
github.com/SamuelMarks/cdd-go/src/classes/emit.go:53.8,55.3 1 1
github.com/SamuelMarks/cdd-go/src/classes/emit.go:57.2,57.30 1 1
github.com/SamuelMarks/cdd-go/src/classes/emit.go:57.30,59.3 1 1
github.com/SamuelMarks/cdd-go/src/classes/emit.go:61.2,61.16 1 1
github.com/SamuelMarks/cdd-go/src/classes/emit.go:65.52,66.19 1 1
github.com/SamuelMarks/cdd-go/src/classes/emit.go:66.19,68.3 1 1
github.com/SamuelMarks/cdd-go/src/classes/emit.go:69.2,69.21 1 1
github.com/SamuelMarks/cdd-go/src/classes/emit.go:70.16,71.32 1 1
github.com/SamuelMarks/cdd-go/src/classes/emit.go:72.17,73.29 1 1
github.com/SamuelMarks/cdd-go/src/classes/emit.go:74.16,75.33 1 1
github.com/SamuelMarks/cdd-go/src/classes/emit.go:76.17,77.30 1 1
github.com/SamuelMarks/cdd-go/src/classes/emit.go:78.15,81.4 1 1
github.com/SamuelMarks/cdd-go/src/classes/emit.go:82.16,83.41 1 1
github.com/SamuelMarks/cdd-go/src/classes/emit.go:83.41,88.4 1 1
github.com/SamuelMarks/cdd-go/src/classes/emit.go:89.3,89.14 1 1
github.com/SamuelMarks/cdd-go/src/classes/emit.go:90.10,91.23 1 1
github.com/SamuelMarks/cdd-go/src/classes/emit.go:91.23,95.4 3 1
github.com/SamuelMarks/cdd-go/src/classes/emit.go:96.3,96.37 1 1
github.com/SamuelMarks/cdd-go/src/classes/emit.go:101.39,102.16 1 1
github.com/SamuelMarks/cdd-go/src/classes/emit.go:102.16,104.3 1 1
github.com/SamuelMarks/cdd-go/src/classes/emit.go:105.2,105.45 1 1
github.com/SamuelMarks/cdd-go/src/classes/parse.go:14.59,15.15 1 1
github.com/SamuelMarks/cdd-go/src/classes/parse.go:15.15,17.3 1 1
github.com/SamuelMarks/cdd-go/src/classes/parse.go:19.2,21.28 2 1
github.com/SamuelMarks/cdd-go/src/classes/parse.go:21.28,23.37 2 1
github.com/SamuelMarks/cdd-go/src/classes/parse.go:23.37,25.4 1 1
github.com/SamuelMarks/cdd-go/src/classes/parse.go:26.3,26.47 1 1
github.com/SamuelMarks/cdd-go/src/classes/parse.go:29.2,29.29 1 1
github.com/SamuelMarks/cdd-go/src/classes/parse.go:30.23,33.39 3 1
github.com/SamuelMarks/cdd-go/src/classes/parse.go:33.39,34.29 1 1
github.com/SamuelMarks/cdd-go/src/classes/parse.go:34.29,35.13 1 1
github.com/SamuelMarks/cdd-go/src/classes/parse.go:37.4,38.58 2 1
github.com/SamuelMarks/cdd-go/src/classes/parse.go:38.58,41.44 3 1
github.com/SamuelMarks/cdd-go/src/classes/parse.go:41.44,43.24 2 1
github.com/SamuelMarks/cdd-go/src/classes/parse.go:43.24,45.7 1 1
github.com/SamuelMarks/cdd-go/src/classes/parse.go:49.4,50.18 2 1
github.com/SamuelMarks/cdd-go/src/classes/parse.go:50.18,52.5 1 1
github.com/SamuelMarks/cdd-go/src/classes/parse.go:54.4,54.33 1 1
github.com/SamuelMarks/cdd-go/src/classes/parse.go:54.33,56.42 2 1
github.com/SamuelMarks/cdd-go/src/classes/parse.go:56.42,58.6 1 1
github.com/SamuelMarks/cdd-go/src/classes/parse.go:59.5,59.53 1 1
github.com/SamuelMarks/cdd-go/src/classes/parse.go:62.4,62.45 1 1
github.com/SamuelMarks/cdd-go/src/classes/parse.go:64.22,67.17 3 1
github.com/SamuelMarks/cdd-go/src/classes/parse.go:67.17,69.4 1 1
github.com/SamuelMarks/cdd-go/src/classes/parse.go:70.3,70.29 1 1
github.com/SamuelMarks/cdd-go/src/classes/parse.go:71.20,73.75 2 1
github.com/SamuelMarks/cdd-go/src/classes/parse.go:73.75,75.4 1 1
github.com/SamuelMarks/cdd-go/src/classes/parse.go:76.3,77.17 2 1
github.com/SamuelMarks/cdd-go/src/classes/parse.go:77.17,79.4 1 1
github.com/SamuelMarks/cdd-go/src/classes/parse.go:80.3,80.42 1 1
github.com/SamuelMarks/cdd-go/src/classes/parse.go:81.10,83.17 2 1
github.com/SamuelMarks/cdd-go/src/classes/parse.go:83.17,85.4 1 1
github.com/SamuelMarks/cdd-go/src/classes/parse.go:86.3,87.21 2 1
github.com/SamuelMarks/cdd-go/src/classes/parse.go:90.2,90.20 1 1
github.com/SamuelMarks/cdd-go/src/classes/parse.go:94.56,95.17 1 1
github.com/SamuelMarks/cdd-go/src/classes/parse.go:95.17,97.3 1 1
github.com/SamuelMarks/cdd-go/src/classes/parse.go:99.2,99.26 1 1
github.com/SamuelMarks/cdd-go/src/classes/parse.go:100.18,101.17 1 1
github.com/SamuelMarks/cdd-go/src/classes/parse.go:102.17,103.47 1 1
github.com/SamuelMarks/cdd-go/src/classes/parse.go:104.96,105.48 1 1
github.com/SamuelMarks/cdd-go/src/classes/parse.go:106.29,107.47 1 1
github.com/SamuelMarks/cdd-go/src/classes/parse.go:108.15,109.48 1 1
github.com/SamuelMarks/cdd-go/src/classes/parse.go:110.22,111.33 1 1
github.com/SamuelMarks/cdd-go/src/classes/parse.go:112.11,113.84 1 1
github.com/SamuelMarks/cdd-go/src/classes/parse.go:115.22,117.17 2 1
github.com/SamuelMarks/cdd-go/src/classes/parse.go:117.17,119.4 1 1
github.com/SamuelMarks/cdd-go/src/classes/parse.go:120.3,120.65 1 1
github.com/SamuelMarks/cdd-go/src/classes/parse.go:121.21,122.24 1 1
github.com/SamuelMarks/cdd-go/src/classes/parse.go:123.23,124.46 1 1
github.com/SamuelMarks/cdd-go/src/classes/parse.go:125.20,126.75 1 1
github.com/SamuelMarks/cdd-go/src/classes/parse.go:126.75,128.4 1 1
github.com/SamuelMarks/cdd-go/src/classes/parse.go:129.3,130.17 2 1
github.com/SamuelMarks/cdd-go/src/classes/parse.go:130.17,132.4 1 1
github.com/SamuelMarks/cdd-go/src/classes/parse.go:133.3,133.79 1 1
github.com/SamuelMarks/cdd-go/src/classes/parse.go:134.10,135.60 1 1
github.com/SamuelMarks/cdd-go/src/openapi/emit.go:10.43,14.2 3 1
github.com/SamuelMarks/cdd-go/src/openapi/parse.go:12.43,14.16 2 1
github.com/SamuelMarks/cdd-go/src/openapi/parse.go:14.16,16.3 1 1
github.com/SamuelMarks/cdd-go/src/openapi/parse.go:18.2,22.20 3 1
github.com/SamuelMarks/cdd-go/src/openapi/parse.go:22.20,23.30 1 1
github.com/SamuelMarks/cdd-go/src/openapi/parse.go:23.30,24.28 1 1
github.com/SamuelMarks/cdd-go/src/openapi/parse.go:24.28,26.5 1 1
github.com/SamuelMarks/cdd-go/src/openapi/parse.go:27.4,27.36 1 1
github.com/SamuelMarks/cdd-go/src/openapi/parse.go:27.36,29.5 1 1
github.com/SamuelMarks/cdd-go/src/openapi/parse.go:30.4,30.37 1 1
github.com/SamuelMarks/cdd-go/src/openapi/parse.go:30.37,32.5 1 1
github.com/SamuelMarks/cdd-go/src/openapi/parse.go:33.4,33.24 1 1
github.com/SamuelMarks/cdd-go/src/openapi/parse.go:35.3,35.18 1 1
github.com/SamuelMarks/cdd-go/src/openapi/parse.go:39.2,40.20 2 1
github.com/SamuelMarks/cdd-go/src/openapi/parse.go:40.20,41.30 1 1
github.com/SamuelMarks/cdd-go/src/openapi/parse.go:41.30,42.28 1 1
github.com/SamuelMarks/cdd-go/src/openapi/parse.go:42.28,44.5 1 1
github.com/SamuelMarks/cdd-go/src/openapi/parse.go:45.4,45.36 1 1
github.com/SamuelMarks/cdd-go/src/openapi/parse.go:45.36,47.5 1 1
github.com/SamuelMarks/cdd-go/src/openapi/parse.go:48.4,48.37 1 1
github.com/SamuelMarks/cdd-go/src/openapi/parse.go:48.37,50.5 1 1
github.com/SamuelMarks/cdd-go/src/openapi/parse.go:51.4,51.24 1 1
github.com/SamuelMarks/cdd-go/src/openapi/parse.go:53.3,53.18 1 1
github.com/SamuelMarks/cdd-go/src/openapi/parse.go:57.2,57.21 1 1
github.com/SamuelMarks/cdd-go/src/links/emit.go:12.57,13.17 1 1
github.com/SamuelMarks/cdd-go/src/links/emit.go:13.17,15.3 1 1
github.com/SamuelMarks/cdd-go/src/links/emit.go:17.2,30.38 2 1
github.com/SamuelMarks/cdd-go/src/links/emit.go:30.38,31.18 1 1
github.com/SamuelMarks/cdd-go/src/links/emit.go:31.18,36.4 1 1
github.com/SamuelMarks/cdd-go/src/links/emit.go:39.2,52.13 5 1
github.com/SamuelMarks/cdd-go/src/links/emit.go:55.36,56.13 1 1
github.com/SamuelMarks/cdd-go/src/links/emit.go:56.13,58.3 1 1
github.com/SamuelMarks/cdd-go/src/links/emit.go:59.2,59.32 1 1
github.com/SamuelMarks/cdd-go/src/links/emit.go:59.32,61.3 1 1
github.com/SamuelMarks/cdd-go/src/links/emit.go:62.2,62.10 1 1
github.com/SamuelMarks/cdd-go/src/links/parse.go:13.55,14.42 1 1
github.com/SamuelMarks/cdd-go/src/links/parse.go:14.42,16.3 1 1
github.com/SamuelMarks/cdd-go/src/links/parse.go:18.2,18.34 1 1
github.com/SamuelMarks/cdd-go/src/links/parse.go:18.34,19.42 1 1
github.com/SamuelMarks/cdd-go/src/links/parse.go:19.42,20.94 1 1
github.com/SamuelMarks/cdd-go/src/links/parse.go:20.94,21.55 1 1
github.com/SamuelMarks/cdd-go/src/links/parse.go:21.55,23.20 2 1
github.com/SamuelMarks/cdd-go/src/links/parse.go:23.20,25.7 1 1
github.com/SamuelMarks/cdd-go/src/links/parse.go:27.6,30.34 3 1
github.com/SamuelMarks/cdd-go/src/links/parse.go:30.34,31.48 1 1
github.com/SamuelMarks/cdd-go/src/links/parse.go:31.48,32.51 1 1
github.com/SamuelMarks/cdd-go/src/links/parse.go:32.51,33.86 1 1
github.com/SamuelMarks/cdd-go/src/links/parse.go:33.86,35.31 2 1
github.com/SamuelMarks/cdd-go/src/links/parse.go:36.30,38.28 2 1
github.com/SamuelMarks/cdd-go/src/links/parse.go:39.29,41.28 2 1
github.com/SamuelMarks/cdd-go/src/links/parse.go:42.29,44.28 2 1
github.com/SamuelMarks/cdd-go/src/links/parse.go:51.6,51.20 1 1
github.com/SamuelMarks/cdd-go/src/links/parse.go:51.20,53.7 1 1
github.com/SamuelMarks/cdd-go/src/links/parse.go:59.2,59.16 1 1
github.com/SamuelMarks/cdd-go/src/info/emit.go:12.43,52.38 2 1
github.com/SamuelMarks/cdd-go/src/info/emit.go:52.38,53.18 1 1
github.com/SamuelMarks/cdd-go/src/info/emit.go:53.18,58.4 1 1
github.com/SamuelMarks/cdd-go/src/info/emit.go:61.2,67.25 6 1
github.com/SamuelMarks/cdd-go/src/info/emit.go:67.25,69.30 2 1
github.com/SamuelMarks/cdd-go/src/info/emit.go:69.30,71.4 1 1
github.com/SamuelMarks/cdd-go/src/info/emit.go:72.3,72.29 1 1
github.com/SamuelMarks/cdd-go/src/info/emit.go:72.29,74.4 1 1
github.com/SamuelMarks/cdd-go/src/info/emit.go:75.3,75.31 1 1
github.com/SamuelMarks/cdd-go/src/info/emit.go:75.31,77.4 1 1
github.com/SamuelMarks/cdd-go/src/info/emit.go:78.3,78.31 1 1
github.com/SamuelMarks/cdd-go/src/info/emit.go:78.31,80.4 1 1
github.com/SamuelMarks/cdd-go/src/info/emit.go:83.2,83.25 1 1
github.com/SamuelMarks/cdd-go/src/info/emit.go:83.25,85.30 2 1
github.com/SamuelMarks/cdd-go/src/info/emit.go:85.30,87.4 1 1
github.com/SamuelMarks/cdd-go/src/info/emit.go:88.3,88.29 1 1
github.com/SamuelMarks/cdd-go/src/info/emit.go:88.29,90.4 1 1
github.com/SamuelMarks/cdd-go/src/info/emit.go:91.3,91.36 1 1
github.com/SamuelMarks/cdd-go/src/info/emit.go:91.36,93.4 1 1
github.com/SamuelMarks/cdd-go/src/info/emit.go:94.3,94.31 1 1
github.com/SamuelMarks/cdd-go/src/info/emit.go:94.31,96.4 1 1
github.com/SamuelMarks/cdd-go/src/info/emit.go:99.2,99.23 1 1
github.com/SamuelMarks/cdd-go/src/info/emit.go:99.23,101.3 1 1
github.com/SamuelMarks/cdd-go/src/info/emit.go:103.2,113.13 2 1
github.com/SamuelMarks/cdd-go/src/info/parse.go:12.54,13.44 1 1
github.com/SamuelMarks/cdd-go/src/info/parse.go:13.44,15.3 1 1
github.com/SamuelMarks/cdd-go/src/info/parse.go:17.2,17.34 1 1
github.com/SamuelMarks/cdd-go/src/info/parse.go:17.34,18.42 1 1
github.com/SamuelMarks/cdd-go/src/info/parse.go:18.42,19.77 1 1
github.com/SamuelMarks/cdd-go/src/info/parse.go:19.77,20.55 1 1
github.com/SamuelMarks/cdd-go/src/info/parse.go:20.55,22.34 2 1
github.com/SamuelMarks/cdd-go/src/info/parse.go:22.34,23.48 1 1
github.com/SamuelMarks/cdd-go/src/info/parse.go:23.48,24.51 1 1
github.com/SamuelMarks/cdd-go/src/info/parse.go:24.51,25.86 1 1
github.com/SamuelMarks/cdd-go/src/info/parse.go:25.86,27.31 2 1
github.com/SamuelMarks/cdd-go/src/info/parse.go:28.23,29.27 1 1
github.com/SamuelMarks/cdd-go/src/info/parse.go:30.25,31.29 1 1
github.com/SamuelMarks/cdd-go/src/info/parse.go:32.29,33.33 1 1
github.com/SamuelMarks/cdd-go/src/info/parse.go:34.25,35.29 1 1
github.com/SamuelMarks/cdd-go/src/info/parse.go:36.32,37.36 1 1
github.com/SamuelMarks/cdd-go/src/info/parse.go:39.15,39.67 1 1
github.com/SamuelMarks/cdd-go/src/info/parse.go:39.67,40.40 1 1
github.com/SamuelMarks/cdd-go/src/info/parse.go:40.40,42.49 2 1
github.com/SamuelMarks/cdd-go/src/info/parse.go:42.49,43.63 1 1
github.com/SamuelMarks/cdd-go/src/info/parse.go:43.63,44.66 1 1
github.com/SamuelMarks/cdd-go/src/info/parse.go:44.66,45.106 1 1
github.com/SamuelMarks/cdd-go/src/info/parse.go:45.106,47.41 2 1
github.com/SamuelMarks/cdd-go/src/info/parse.go:48.27,49.39 1 1
github.com/SamuelMarks/cdd-go/src/info/parse.go:50.26,51.38 1 1
github.com/SamuelMarks/cdd-go/src/info/parse.go:52.28,53.40 1 1
github.com/SamuelMarks/cdd-go/src/info/parse.go:59.16,59.47 1 1
github.com/SamuelMarks/cdd-go/src/info/parse.go:59.47,61.49 2 1
github.com/SamuelMarks/cdd-go/src/info/parse.go:61.49,62.63 1 1
github.com/SamuelMarks/cdd-go/src/info/parse.go:62.63,63.66 1 1
github.com/SamuelMarks/cdd-go/src/info/parse.go:63.66,64.106 1 1
github.com/SamuelMarks/cdd-go/src/info/parse.go:64.106,66.41 2 1
github.com/SamuelMarks/cdd-go/src/info/parse.go:67.27,68.39 1 1
github.com/SamuelMarks/cdd-go/src/info/parse.go:69.26,70.38 1 1
github.com/SamuelMarks/cdd-go/src/info/parse.go:71.33,72.45 1 1
github.com/SamuelMarks/cdd-go/src/info/parse.go:83.6,83.22 1 1
github.com/SamuelMarks/cdd-go/src/info/parse.go:89.2,89.17 1 1
github.com/SamuelMarks/cdd-go/src/externaldocs/emit.go:12.61,13.17 1 1
github.com/SamuelMarks/cdd-go/src/externaldocs/emit.go:13.17,15.3 1 1
github.com/SamuelMarks/cdd-go/src/externaldocs/emit.go:17.2,29.28 2 1
github.com/SamuelMarks/cdd-go/src/externaldocs/emit.go:29.28,34.3 1 1
github.com/SamuelMarks/cdd-go/src/externaldocs/emit.go:36.2,36.20 1 1
github.com/SamuelMarks/cdd-go/src/externaldocs/emit.go:36.20,41.3 1 1
github.com/SamuelMarks/cdd-go/src/externaldocs/emit.go:43.2,53.18 2 1
github.com/SamuelMarks/cdd-go/src/externaldocs/parse.go:12.62,13.42 1 1
github.com/SamuelMarks/cdd-go/src/externaldocs/parse.go:13.42,15.3 1 1
github.com/SamuelMarks/cdd-go/src/externaldocs/parse.go:17.2,17.34 1 1
github.com/SamuelMarks/cdd-go/src/externaldocs/parse.go:17.34,18.42 1 1
github.com/SamuelMarks/cdd-go/src/externaldocs/parse.go:18.42,19.85 1 1
github.com/SamuelMarks/cdd-go/src/externaldocs/parse.go:19.85,20.55 1 1
github.com/SamuelMarks/cdd-go/src/externaldocs/parse.go:20.55,23.34 3 1
github.com/SamuelMarks/cdd-go/src/externaldocs/parse.go:23.34,24.48 1 1
github.com/SamuelMarks/cdd-go/src/externaldocs/parse.go:24.48,25.51 1 1
github.com/SamuelMarks/cdd-go/src/externaldocs/parse.go:25.51,26.86 1 1
github.com/SamuelMarks/cdd-go/src/externaldocs/parse.go:26.86,28.31 2 1
github.com/SamuelMarks/cdd-go/src/externaldocs/parse.go:29.29,31.28 2 1
github.com/SamuelMarks/cdd-go/src/externaldocs/parse.go:32.21,34.28 2 1
github.com/SamuelMarks/cdd-go/src/externaldocs/parse.go:40.6,40.20 1 1
github.com/SamuelMarks/cdd-go/src/externaldocs/parse.go:40.20,42.7 1 1
github.com/SamuelMarks/cdd-go/src/externaldocs/parse.go:43.6,43.21 1 1
github.com/SamuelMarks/cdd-go/src/externaldocs/parse.go:49.2,49.17 1 1
github.com/SamuelMarks/cdd-go/src/mocks/emit.go:14.74,16.15 1 1
github.com/SamuelMarks/cdd-go/src/mocks/emit.go:16.15,18.3 1 1
github.com/SamuelMarks/cdd-go/src/mocks/emit.go:19.2,19.26 1 1
github.com/SamuelMarks/cdd-go/src/mocks/emit.go:19.26,21.3 1 1
github.com/SamuelMarks/cdd-go/src/mocks/emit.go:23.2,24.18 2 1
github.com/SamuelMarks/cdd-go/src/mocks/emit.go:24.18,26.3 1 1
github.com/SamuelMarks/cdd-go/src/mocks/emit.go:28.2,39.46 2 1
github.com/SamuelMarks/cdd-go/src/mocks/emit.go:39.46,41.27 2 1
github.com/SamuelMarks/cdd-go/src/mocks/emit.go:41.27,42.18 1 1
github.com/SamuelMarks/cdd-go/src/mocks/emit.go:42.18,44.5 1 1
github.com/SamuelMarks/cdd-go/src/mocks/emit.go:45.4,45.26 1 1
github.com/SamuelMarks/cdd-go/src/mocks/emit.go:47.3,47.40 1 1
github.com/SamuelMarks/cdd-go/src/mocks/emit.go:50.2,53.8 1 1
github.com/SamuelMarks/cdd-go/src/mocks/parse.go:14.64,15.15 1 1
github.com/SamuelMarks/cdd-go/src/mocks/parse.go:15.15,17.3 1 1
github.com/SamuelMarks/cdd-go/src/mocks/parse.go:19.2,21.28 2 1
github.com/SamuelMarks/cdd-go/src/mocks/parse.go:21.28,25.21 4 1
github.com/SamuelMarks/cdd-go/src/mocks/parse.go:25.21,27.4 1 1
github.com/SamuelMarks/cdd-go/src/mocks/parse.go:30.2,30.24 1 1
github.com/SamuelMarks/cdd-go/src/mocks/parse.go:30.24,31.49 1 1
github.com/SamuelMarks/cdd-go/src/mocks/parse.go:31.49,34.19 3 1
github.com/SamuelMarks/cdd-go/src/mocks/parse.go:34.19,36.5 1 1
github.com/SamuelMarks/cdd-go/src/mocks/parse.go:37.4,37.35 1 1
github.com/SamuelMarks/cdd-go/src/mocks/parse.go:41.2,41.16 1 1
github.com/SamuelMarks/cdd-go/src/responses/emit.go:12.47,13.18 1 1
github.com/SamuelMarks/cdd-go/src/responses/emit.go:13.18,15.3 1 1
github.com/SamuelMarks/cdd-go/src/responses/emit.go:17.2,21.35 4 1
github.com/SamuelMarks/cdd-go/src/responses/emit.go:21.35,22.38 1 1
github.com/SamuelMarks/cdd-go/src/responses/emit.go:22.38,23.27 1 1
github.com/SamuelMarks/cdd-go/src/responses/emit.go:23.27,24.75 1 1
github.com/SamuelMarks/cdd-go/src/responses/emit.go:24.75,26.6 1 1
github.com/SamuelMarks/cdd-go/src/responses/emit.go:28.4,28.52 1 1
github.com/SamuelMarks/cdd-go/src/responses/emit.go:28.52,30.5 1 1
github.com/SamuelMarks/cdd-go/src/responses/emit.go:31.4,31.9 1 1
github.com/SamuelMarks/cdd-go/src/responses/emit.go:35.2,35.53 1 1
github.com/SamuelMarks/cdd-go/src/responses/emit.go:35.53,40.3 3 1
github.com/SamuelMarks/cdd-go/src/responses/emit.go:42.2,42.24 1 1
github.com/SamuelMarks/cdd-go/src/responses/emit.go:42.24,43.40 1 1
github.com/SamuelMarks/cdd-go/src/responses/emit.go:43.40,45.21 2 1
github.com/SamuelMarks/cdd-go/src/responses/emit.go:45.21,47.5 1 1
github.com/SamuelMarks/cdd-go/src/responses/emit.go:51.2,52.16 2 1
github.com/SamuelMarks/cdd-go/src/responses/parse.go:10.54,11.20 1 1
github.com/SamuelMarks/cdd-go/src/responses/parse.go:11.20,13.3 1 1
github.com/SamuelMarks/cdd-go/src/responses/parse.go:15.2,19.37 4 1
github.com/SamuelMarks/cdd-go/src/responses/parse.go:19.37,20.72 1 1
github.com/SamuelMarks/cdd-go/src/responses/parse.go:20.72,21.12 1 1
github.com/SamuelMarks/cdd-go/src/responses/parse.go:24.3,25.49 2 1
github.com/SamuelMarks/cdd-go/src/responses/parse.go:25.49,26.44 1 1
github.com/SamuelMarks/cdd-go/src/responses/parse.go:26.44,28.5 1 1
github.com/SamuelMarks/cdd-go/src/responses/parse.go:29.9,29.54 1 1
github.com/SamuelMarks/cdd-go/src/responses/parse.go:29.54,31.4 1 1
github.com/SamuelMarks/cdd-go/src/responses/parse.go:33.3,33.164 1 1
github.com/SamuelMarks/cdd-go/src/responses/parse.go:33.164,45.12 3 1
github.com/SamuelMarks/cdd-go/src/responses/parse.go:49.3,50.39 2 1
github.com/SamuelMarks/cdd-go/src/responses/parse.go:50.39,51.28 1 1
github.com/SamuelMarks/cdd-go/src/responses/parse.go:51.28,53.5 1 1
github.com/SamuelMarks/cdd-go/src/responses/parse.go:54.4,55.26 2 1
github.com/SamuelMarks/cdd-go/src/responses/parse.go:59.2,59.21 1 1
github.com/SamuelMarks/cdd-go/src/responses/parse.go:59.21,60.32 1 1
github.com/SamuelMarks/cdd-go/src/responses/parse.go:60.32,61.30 1 1
github.com/SamuelMarks/cdd-go/src/responses/parse.go:61.30,64.5 2 1
github.com/SamuelMarks/cdd-go/src/responses/parse.go:65.9,65.36 1 1
github.com/SamuelMarks/cdd-go/src/responses/parse.go:65.36,70.4 1 1
github.com/SamuelMarks/cdd-go/src/responses/parse.go:71.8,75.3 1 1
github.com/SamuelMarks/cdd-go/src/responses/parse.go:76.2,76.14 1 1
github.com/SamuelMarks/cdd-go/src/oauthflows/emit.go:12.56,13.18 1 1
github.com/SamuelMarks/cdd-go/src/oauthflows/emit.go:13.18,15.3 1 1
github.com/SamuelMarks/cdd-go/src/oauthflows/emit.go:17.2,33.27 3 1
github.com/SamuelMarks/cdd-go/src/oauthflows/emit.go:33.27,39.3 2 1
github.com/SamuelMarks/cdd-go/src/oauthflows/emit.go:40.2,40.27 1 1
github.com/SamuelMarks/cdd-go/src/oauthflows/emit.go:40.27,46.3 2 1
github.com/SamuelMarks/cdd-go/src/oauthflows/emit.go:47.2,47.36 1 1
github.com/SamuelMarks/cdd-go/src/oauthflows/emit.go:47.36,53.3 2 1
github.com/SamuelMarks/cdd-go/src/oauthflows/emit.go:54.2,54.36 1 1
github.com/SamuelMarks/cdd-go/src/oauthflows/emit.go:54.36,60.3 2 1
github.com/SamuelMarks/cdd-go/src/oauthflows/emit.go:62.2,62.17 1 1
github.com/SamuelMarks/cdd-go/src/oauthflows/emit.go:62.17,64.3 1 1
github.com/SamuelMarks/cdd-go/src/oauthflows/emit.go:66.2,66.11 1 1
github.com/SamuelMarks/cdd-go/src/oauthflows/emit.go:69.58,75.33 2 1
github.com/SamuelMarks/cdd-go/src/oauthflows/emit.go:75.33,80.3 1 1
github.com/SamuelMarks/cdd-go/src/oauthflows/emit.go:81.2,81.25 1 1
github.com/SamuelMarks/cdd-go/src/oauthflows/emit.go:81.25,86.3 1 1
github.com/SamuelMarks/cdd-go/src/oauthflows/emit.go:87.2,87.27 1 1
github.com/SamuelMarks/cdd-go/src/oauthflows/emit.go:87.27,92.3 1 1
github.com/SamuelMarks/cdd-go/src/oauthflows/emit.go:94.2,94.26 1 1
github.com/SamuelMarks/cdd-go/src/oauthflows/emit.go:94.26,102.33 2 1
github.com/SamuelMarks/cdd-go/src/oauthflows/emit.go:102.33,107.4 1 1
github.com/SamuelMarks/cdd-go/src/oauthflows/emit.go:108.3,111.5 1 1
github.com/SamuelMarks/cdd-go/src/oauthflows/emit.go:114.2,114.11 1 1
github.com/SamuelMarks/cdd-go/src/oauthflows/parse.go:12.54,13.15 1 1
github.com/SamuelMarks/cdd-go/src/oauthflows/parse.go:13.15,15.3 1 1
github.com/SamuelMarks/cdd-go/src/oauthflows/parse.go:17.2,20.30 3 1
github.com/SamuelMarks/cdd-go/src/oauthflows/parse.go:20.30,21.44 1 1
github.com/SamuelMarks/cdd-go/src/oauthflows/parse.go:21.44,22.47 1 1
github.com/SamuelMarks/cdd-go/src/oauthflows/parse.go:22.47,23.55 1 1
github.com/SamuelMarks/cdd-go/src/oauthflows/parse.go:23.55,25.21 2 1
github.com/SamuelMarks/cdd-go/src/oauthflows/parse.go:25.21,27.28 2 1
github.com/SamuelMarks/cdd-go/src/oauthflows/parse.go:28.23,29.29 1 1
github.com/SamuelMarks/cdd-go/src/oauthflows/parse.go:30.23,31.29 1 1
github.com/SamuelMarks/cdd-go/src/oauthflows/parse.go:32.32,33.38 1 1
github.com/SamuelMarks/cdd-go/src/oauthflows/parse.go:34.32,35.38 1 1
github.com/SamuelMarks/cdd-go/src/oauthflows/parse.go:43.2,43.17 1 1
github.com/SamuelMarks/cdd-go/src/oauthflows/parse.go:43.17,45.3 1 1
github.com/SamuelMarks/cdd-go/src/oauthflows/parse.go:47.2,47.14 1 1
github.com/SamuelMarks/cdd-go/src/oauthflows/parse.go:50.57,56.30 3 1
github.com/SamuelMarks/cdd-go/src/oauthflows/parse.go:56.30,57.44 1 1
github.com/SamuelMarks/cdd-go/src/oauthflows/parse.go:57.44,58.47 1 1
github.com/SamuelMarks/cdd-go/src/oauthflows/parse.go:58.47,59.82 1 1
github.com/SamuelMarks/cdd-go/src/oauthflows/parse.go:59.82,61.27 2 1
github.com/SamuelMarks/cdd-go/src/oauthflows/parse.go:62.30,64.24 2 1
github.com/SamuelMarks/cdd-go/src/oauthflows/parse.go:65.22,67.24 2 1
github.com/SamuelMarks/cdd-go/src/oauthflows/parse.go:68.24,70.24 2 1
github.com/SamuelMarks/cdd-go/src/oauthflows/parse.go:72.11,72.91 1 1
github.com/SamuelMarks/cdd-go/src/oauthflows/parse.go:72.91,73.41 1 1
github.com/SamuelMarks/cdd-go/src/oauthflows/parse.go:73.41,74.54 1 1
github.com/SamuelMarks/cdd-go/src/oauthflows/parse.go:74.54,77.80 3 1
github.com/SamuelMarks/cdd-go/src/oauthflows/parse.go:77.80,82.9 4 1
github.com/SamuelMarks/cdd-go/src/oauthflows/parse.go:90.2,90.17 1 1
github.com/SamuelMarks/cdd-go/src/oauthflows/parse.go:90.17,92.3 1 1
github.com/SamuelMarks/cdd-go/src/oauthflows/parse.go:94.2,94.13 1 1
github.com/SamuelMarks/cdd-go/src/requestbodies/emit.go:12.47,13.15 1 1
github.com/SamuelMarks/cdd-go/src/requestbodies/emit.go:13.15,15.3 1 1
github.com/SamuelMarks/cdd-go/src/requestbodies/emit.go:17.2,19.23 2 1
github.com/SamuelMarks/cdd-go/src/requestbodies/emit.go:19.23,20.71 1 1
github.com/SamuelMarks/cdd-go/src/requestbodies/emit.go:20.71,21.27 1 1
github.com/SamuelMarks/cdd-go/src/requestbodies/emit.go:21.27,24.5 2 1
github.com/SamuelMarks/cdd-go/src/requestbodies/emit.go:24.10,24.40 1 1
github.com/SamuelMarks/cdd-go/src/requestbodies/emit.go:24.40,25.60 1 1
github.com/SamuelMarks/cdd-go/src/requestbodies/emit.go:25.60,28.6 2 1
github.com/SamuelMarks/cdd-go/src/requestbodies/emit.go:29.10,29.41 1 1
github.com/SamuelMarks/cdd-go/src/requestbodies/emit.go:29.41,34.5 1 1
github.com/SamuelMarks/cdd-go/src/requestbodies/emit.go:38.2,44.26 3 1
github.com/SamuelMarks/cdd-go/src/requestbodies/emit.go:44.26,46.3 1 1
github.com/SamuelMarks/cdd-go/src/requestbodies/emit.go:47.2,47.17 1 1
github.com/SamuelMarks/cdd-go/src/requestbodies/emit.go:47.17,49.3 1 1
github.com/SamuelMarks/cdd-go/src/requestbodies/emit.go:51.2,51.19 1 1
github.com/SamuelMarks/cdd-go/src/requestbodies/emit.go:51.19,53.3 1 1
github.com/SamuelMarks/cdd-go/src/requestbodies/emit.go:55.2,55.14 1 1
github.com/SamuelMarks/cdd-go/src/requestbodies/parse.go:12.51,13.18 1 1
github.com/SamuelMarks/cdd-go/src/requestbodies/parse.go:13.18,15.3 1 1
github.com/SamuelMarks/cdd-go/src/requestbodies/parse.go:17.2,25.31 2 1
github.com/SamuelMarks/cdd-go/src/requestbodies/parse.go:25.31,29.30 4 1
github.com/SamuelMarks/cdd-go/src/requestbodies/parse.go:29.30,31.54 2 1
github.com/SamuelMarks/cdd-go/src/requestbodies/parse.go:31.54,33.5 1 1
github.com/SamuelMarks/cdd-go/src/requestbodies/parse.go:33.10,35.5 1 1
github.com/SamuelMarks/cdd-go/src/requestbodies/parse.go:37.3,37.63 1 1
github.com/SamuelMarks/cdd-go/src/requestbodies/parse.go:40.2,40.46 1 1
github.com/SamuelMarks/cdd-go/src/requestbodies/parse.go:40.46,41.57 1 1
github.com/SamuelMarks/cdd-go/src/requestbodies/parse.go:41.57,43.4 1 1
github.com/SamuelMarks/cdd-go/src/requestbodies/parse.go:43.9,43.110 1 1
github.com/SamuelMarks/cdd-go/src/requestbodies/parse.go:43.110,45.4 1 1
github.com/SamuelMarks/cdd-go/src/requestbodies/parse.go:45.9,47.4 1 1
github.com/SamuelMarks/cdd-go/src/requestbodies/parse.go:48.8,48.61 1 1
github.com/SamuelMarks/cdd-go/src/requestbodies/parse.go:48.61,50.54 2 1
github.com/SamuelMarks/cdd-go/src/requestbodies/parse.go:50.54,52.4 1 1
github.com/SamuelMarks/cdd-go/src/requestbodies/parse.go:53.8,53.59 1 1
github.com/SamuelMarks/cdd-go/src/requestbodies/parse.go:53.59,54.47 1 1
github.com/SamuelMarks/cdd-go/src/requestbodies/parse.go:54.47,56.4 1 1
github.com/SamuelMarks/cdd-go/src/requestbodies/parse.go:57.8,59.3 1 1
github.com/SamuelMarks/cdd-go/src/requestbodies/parse.go:61.2,61.11 1 1
github.com/SamuelMarks/cdd-go/src/parameters/emit.go:12.43,14.21 2 1
github.com/SamuelMarks/cdd-go/src/parameters/emit.go:14.21,15.33 1 1
github.com/SamuelMarks/cdd-go/src/parameters/emit.go:15.33,17.4 1 1
github.com/SamuelMarks/cdd-go/src/parameters/emit.go:17.9,17.40 1 1
github.com/SamuelMarks/cdd-go/src/parameters/emit.go:17.40,19.4 1 1
github.com/SamuelMarks/cdd-go/src/parameters/emit.go:19.9,19.39 1 1
github.com/SamuelMarks/cdd-go/src/parameters/emit.go:19.39,21.4 1 1
github.com/SamuelMarks/cdd-go/src/parameters/emit.go:21.9,21.32 1 1
github.com/SamuelMarks/cdd-go/src/parameters/emit.go:21.32,24.4 2 1
github.com/SamuelMarks/cdd-go/src/parameters/emit.go:25.8,25.24 1 1
github.com/SamuelMarks/cdd-go/src/parameters/emit.go:25.24,28.3 2 1
github.com/SamuelMarks/cdd-go/src/parameters/emit.go:30.2,31.31 2 1
github.com/SamuelMarks/cdd-go/src/parameters/emit.go:31.31,34.3 2 1
github.com/SamuelMarks/cdd-go/src/parameters/emit.go:36.2,42.25 3 1
github.com/SamuelMarks/cdd-go/src/parameters/emit.go:42.25,44.3 1 1
github.com/SamuelMarks/cdd-go/src/parameters/emit.go:45.2,45.53 1 1
github.com/SamuelMarks/cdd-go/src/parameters/emit.go:45.53,47.3 1 1
github.com/SamuelMarks/cdd-go/src/parameters/emit.go:48.2,48.34 1 1
github.com/SamuelMarks/cdd-go/src/parameters/emit.go:48.34,50.3 1 1
github.com/SamuelMarks/cdd-go/src/parameters/emit.go:51.2,51.18 1 1
github.com/SamuelMarks/cdd-go/src/parameters/emit.go:51.18,53.3 1 1
github.com/SamuelMarks/cdd-go/src/parameters/emit.go:55.2,55.19 1 1
github.com/SamuelMarks/cdd-go/src/parameters/emit.go:55.19,57.3 1 1
github.com/SamuelMarks/cdd-go/src/parameters/emit.go:59.2,59.14 1 1
github.com/SamuelMarks/cdd-go/src/parameters/parse.go:12.49,13.43 1 1
github.com/SamuelMarks/cdd-go/src/parameters/parse.go:13.43,15.3 1 1
github.com/SamuelMarks/cdd-go/src/parameters/parse.go:17.2,22.31 2 1
github.com/SamuelMarks/cdd-go/src/parameters/parse.go:22.31,26.30 4 1
github.com/SamuelMarks/cdd-go/src/parameters/parse.go:26.30,28.54 2 1
github.com/SamuelMarks/cdd-go/src/parameters/parse.go:28.54,30.5 1 1
github.com/SamuelMarks/cdd-go/src/parameters/parse.go:30.10,30.40 1 1
github.com/SamuelMarks/cdd-go/src/parameters/parse.go:30.40,32.5 1 1
github.com/SamuelMarks/cdd-go/src/parameters/parse.go:32.10,32.50 1 1
github.com/SamuelMarks/cdd-go/src/parameters/parse.go:32.50,34.5 1 1
github.com/SamuelMarks/cdd-go/src/parameters/parse.go:34.10,36.5 1 1
github.com/SamuelMarks/cdd-go/src/parameters/parse.go:38.3,38.62 1 1
github.com/SamuelMarks/cdd-go/src/parameters/parse.go:41.2,41.53 1 1
github.com/SamuelMarks/cdd-go/src/parameters/parse.go:41.53,44.3 2 1
github.com/SamuelMarks/cdd-go/src/parameters/parse.go:46.2,46.46 1 1
github.com/SamuelMarks/cdd-go/src/parameters/parse.go:46.46,48.76 2 1
github.com/SamuelMarks/cdd-go/src/parameters/parse.go:48.76,50.4 1 1
github.com/SamuelMarks/cdd-go/src/parameters/parse.go:50.9,50.34 1 1
github.com/SamuelMarks/cdd-go/src/parameters/parse.go:50.34,52.4 1 1
github.com/SamuelMarks/cdd-go/src/parameters/parse.go:52.9,52.64 1 1
github.com/SamuelMarks/cdd-go/src/parameters/parse.go:52.64,54.4 1 1
github.com/SamuelMarks/cdd-go/src/parameters/parse.go:54.9,54.36 1 1
github.com/SamuelMarks/cdd-go/src/parameters/parse.go:54.36,56.4 1 1
github.com/SamuelMarks/cdd-go/src/parameters/parse.go:59.2,59.10 1 1
github.com/SamuelMarks/cdd-go/src/routes/emit.go:13.90,14.21 1 1
github.com/SamuelMarks/cdd-go/src/routes/emit.go:14.21,16.3 1 1
github.com/SamuelMarks/cdd-go/src/routes/emit.go:18.2,23.25 3 1
github.com/SamuelMarks/cdd-go/src/routes/emit.go:23.25,25.3 1 1
github.com/SamuelMarks/cdd-go/src/routes/emit.go:26.2,26.26 1 1
github.com/SamuelMarks/cdd-go/src/routes/emit.go:26.26,28.3 1 1
github.com/SamuelMarks/cdd-go/src/routes/emit.go:29.2,29.25 1 1
github.com/SamuelMarks/cdd-go/src/routes/emit.go:29.25,31.3 1 1
github.com/SamuelMarks/cdd-go/src/routes/emit.go:32.2,32.28 1 1
github.com/SamuelMarks/cdd-go/src/routes/emit.go:32.28,34.3 1 1
github.com/SamuelMarks/cdd-go/src/routes/emit.go:35.2,35.27 1 1
github.com/SamuelMarks/cdd-go/src/routes/emit.go:35.27,37.3 1 1
github.com/SamuelMarks/cdd-go/src/routes/emit.go:38.2,38.29 1 1
github.com/SamuelMarks/cdd-go/src/routes/emit.go:38.29,40.3 1 1
github.com/SamuelMarks/cdd-go/src/routes/emit.go:41.2,41.26 1 1
github.com/SamuelMarks/cdd-go/src/routes/emit.go:41.26,43.3 1 1
github.com/SamuelMarks/cdd-go/src/routes/emit.go:44.2,44.27 1 1
github.com/SamuelMarks/cdd-go/src/routes/emit.go:44.27,46.3 1 1
github.com/SamuelMarks/cdd-go/src/routes/emit.go:48.2,53.28 2 1
github.com/SamuelMarks/cdd-go/src/routes/emit.go:53.28,55.3 1 1
github.com/SamuelMarks/cdd-go/src/routes/emit.go:57.2,60.8 1 1
github.com/SamuelMarks/cdd-go/src/routes/emit.go:63.75,65.26 2 1
github.com/SamuelMarks/cdd-go/src/routes/emit.go:65.26,67.3 1 1
github.com/SamuelMarks/cdd-go/src/routes/emit.go:69.2,92.22 4 1
github.com/SamuelMarks/cdd-go/src/routes/emit.go:92.22,94.3 1 1
github.com/SamuelMarks/cdd-go/src/routes/emit.go:96.2,96.10 1 1
github.com/SamuelMarks/cdd-go/src/routes/emit.go:99.35,102.26 3 1
github.com/SamuelMarks/cdd-go/src/routes/emit.go:102.26,105.14 3 1
github.com/SamuelMarks/cdd-go/src/routes/emit.go:105.14,107.4 1 1
github.com/SamuelMarks/cdd-go/src/routes/emit.go:109.2,109.15 1 1
github.com/SamuelMarks/cdd-go/src/routes/emit.go:109.15,111.3 1 1
github.com/SamuelMarks/cdd-go/src/routes/emit.go:112.2,112.12 1 1
github.com/SamuelMarks/cdd-go/src/routes/parse.go:12.73,13.15 1 1
github.com/SamuelMarks/cdd-go/src/routes/parse.go:13.15,15.3 1 1
github.com/SamuelMarks/cdd-go/src/routes/parse.go:17.2,18.9 2 1
github.com/SamuelMarks/cdd-go/src/routes/parse.go:18.9,20.3 1 1
github.com/SamuelMarks/cdd-go/src/routes/parse.go:22.2,24.28 2 1
github.com/SamuelMarks/cdd-go/src/routes/parse.go:24.28,26.37 2 1
github.com/SamuelMarks/cdd-go/src/routes/parse.go:26.37,28.4 1 1
github.com/SamuelMarks/cdd-go/src/routes/parse.go:29.3,29.45 1 1
github.com/SamuelMarks/cdd-go/src/routes/parse.go:32.2,32.43 1 1
github.com/SamuelMarks/cdd-go/src/routes/parse.go:32.43,33.28 1 1
github.com/SamuelMarks/cdd-go/src/routes/parse.go:33.28,34.12 1 1
github.com/SamuelMarks/cdd-go/src/routes/parse.go:36.3,41.32 3 1
github.com/SamuelMarks/cdd-go/src/routes/parse.go:41.32,43.41 2 1
github.com/SamuelMarks/cdd-go/src/routes/parse.go:43.41,45.5 1 1
github.com/SamuelMarks/cdd-go/src/routes/parse.go:46.4,46.40 1 1
github.com/SamuelMarks/cdd-go/src/routes/parse.go:50.3,51.42 2 1
github.com/SamuelMarks/cdd-go/src/routes/parse.go:51.42,53.4 1 1
github.com/SamuelMarks/cdd-go/src/routes/parse.go:53.9,53.50 1 1
github.com/SamuelMarks/cdd-go/src/routes/parse.go:53.50,55.4 1 1
github.com/SamuelMarks/cdd-go/src/routes/parse.go:55.9,55.49 1 1
github.com/SamuelMarks/cdd-go/src/routes/parse.go:55.49,57.4 1 1
github.com/SamuelMarks/cdd-go/src/routes/parse.go:57.9,57.52 1 1
github.com/SamuelMarks/cdd-go/src/routes/parse.go:57.52,59.4 1 1
github.com/SamuelMarks/cdd-go/src/routes/parse.go:59.9,59.51 1 1
github.com/SamuelMarks/cdd-go/src/routes/parse.go:59.51,61.4 1 1
github.com/SamuelMarks/cdd-go/src/routes/parse.go:61.9,61.53 1 1
github.com/SamuelMarks/cdd-go/src/routes/parse.go:61.53,63.4 1 1
github.com/SamuelMarks/cdd-go/src/routes/parse.go:63.9,63.50 1 1
github.com/SamuelMarks/cdd-go/src/routes/parse.go:63.50,65.4 1 1
github.com/SamuelMarks/cdd-go/src/routes/parse.go:65.9,65.51 1 1
github.com/SamuelMarks/cdd-go/src/routes/parse.go:65.51,67.4 1 1
github.com/SamuelMarks/cdd-go/src/routes/parse.go:70.2,70.22 1 1
github.com/SamuelMarks/cdd-go/src/tests/emit.go:14.89,15.15 1 1
github.com/SamuelMarks/cdd-go/src/tests/emit.go:15.15,17.3 1 1
github.com/SamuelMarks/cdd-go/src/tests/emit.go:19.2,20.26 2 1
github.com/SamuelMarks/cdd-go/src/tests/emit.go:20.26,22.3 1 1
github.com/SamuelMarks/cdd-go/src/tests/emit.go:22.8,26.3 2 1
github.com/SamuelMarks/cdd-go/src/tests/emit.go:28.2,48.22 2 1
github.com/SamuelMarks/cdd-go/src/tests/emit.go:48.22,50.3 1 1
github.com/SamuelMarks/cdd-go/src/tests/emit.go:50.8,52.3 1 1
github.com/SamuelMarks/cdd-go/src/tests/emit.go:53.2,67.38 4 1
github.com/SamuelMarks/cdd-go/src/tests/emit.go:67.38,68.25 1 1
github.com/SamuelMarks/cdd-go/src/tests/emit.go:68.25,70.88 2 1
github.com/SamuelMarks/cdd-go/src/tests/emit.go:70.88,72.5 1 1
github.com/SamuelMarks/cdd-go/src/tests/emit.go:72.10,72.39 1 1
github.com/SamuelMarks/cdd-go/src/tests/emit.go:72.39,74.5 1 1
github.com/SamuelMarks/cdd-go/src/tests/emit.go:75.4,75.72 1 1
github.com/SamuelMarks/cdd-go/src/tests/emit.go:76.9,76.51 1 1
github.com/SamuelMarks/cdd-go/src/tests/emit.go:76.51,78.30 2 1
github.com/SamuelMarks/cdd-go/src/tests/emit.go:78.30,80.5 1 1
github.com/SamuelMarks/cdd-go/src/tests/emit.go:80.10,80.35 1 1
github.com/SamuelMarks/cdd-go/src/tests/emit.go:80.35,82.5 1 1
github.com/SamuelMarks/cdd-go/src/tests/emit.go:82.10,82.38 1 1
github.com/SamuelMarks/cdd-go/src/tests/emit.go:82.38,84.5 1 1
github.com/SamuelMarks/cdd-go/src/tests/emit.go:85.4,85.57 1 1
github.com/SamuelMarks/cdd-go/src/tests/emit.go:89.2,94.76 5 1
github.com/SamuelMarks/cdd-go/src/tests/emit.go:94.76,96.3 1 1
github.com/SamuelMarks/cdd-go/src/tests/emit.go:97.2,97.14 1 1
github.com/SamuelMarks/cdd-go/src/tests/emit.go:97.14,98.39 1 1
github.com/SamuelMarks/cdd-go/src/tests/emit.go:98.39,99.26 1 1
github.com/SamuelMarks/cdd-go/src/tests/emit.go:99.26,101.10 2 1
github.com/SamuelMarks/cdd-go/src/tests/emit.go:106.2,108.27 3 1
github.com/SamuelMarks/cdd-go/src/tests/emit.go:108.27,109.45 1 1
github.com/SamuelMarks/cdd-go/src/tests/emit.go:109.45,111.53 2 1
github.com/SamuelMarks/cdd-go/src/tests/emit.go:111.53,113.5 1 1
github.com/SamuelMarks/cdd-go/src/tests/emit.go:114.4,114.31 1 1
github.com/SamuelMarks/cdd-go/src/tests/emit.go:114.31,115.10 1 1
github.com/SamuelMarks/cdd-go/src/tests/emit.go:118.8,118.33 1 1
github.com/SamuelMarks/cdd-go/src/tests/emit.go:118.33,120.33 2 1
github.com/SamuelMarks/cdd-go/src/tests/emit.go:120.33,121.31 1 1
github.com/SamuelMarks/cdd-go/src/tests/emit.go:121.31,123.10 2 1
github.com/SamuelMarks/cdd-go/src/tests/emit.go:127.2,127.38 1 1
github.com/SamuelMarks/cdd-go/src/tests/emit.go:127.38,128.48 1 1
github.com/SamuelMarks/cdd-go/src/tests/emit.go:128.48,129.36 1 1
github.com/SamuelMarks/cdd-go/src/tests/emit.go:129.36,131.5 1 1
github.com/SamuelMarks/cdd-go/src/tests/emit.go:135.2,135.13 1 1
github.com/SamuelMarks/cdd-go/src/tests/emit.go:135.13,136.37 1 1
github.com/SamuelMarks/cdd-go/src/tests/emit.go:136.37,137.15 1 1
github.com/SamuelMarks/cdd-go/src/tests/emit.go:137.15,139.5 1 1
github.com/SamuelMarks/cdd-go/src/tests/emit.go:139.10,141.5 1 1
github.com/SamuelMarks/cdd-go/src/tests/emit.go:142.9,142.52 1 1
github.com/SamuelMarks/cdd-go/src/tests/emit.go:142.52,143.15 1 1
github.com/SamuelMarks/cdd-go/src/tests/emit.go:143.15,145.5 1 1
github.com/SamuelMarks/cdd-go/src/tests/emit.go:145.10,147.5 1 1
github.com/SamuelMarks/cdd-go/src/tests/emit.go:148.9,148.45 1 1
github.com/SamuelMarks/cdd-go/src/tests/emit.go:148.45,149.15 1 1
github.com/SamuelMarks/cdd-go/src/tests/emit.go:149.15,151.5 1 1
github.com/SamuelMarks/cdd-go/src/tests/emit.go:151.10,153.5 1 1
github.com/SamuelMarks/cdd-go/src/tests/emit.go:154.9,155.15 1 1
github.com/SamuelMarks/cdd-go/src/tests/emit.go:155.15,157.5 1 1
github.com/SamuelMarks/cdd-go/src/tests/emit.go:157.10,159.5 1 1
github.com/SamuelMarks/cdd-go/src/tests/emit.go:163.2,164.26 2 1
github.com/SamuelMarks/cdd-go/src/tests/emit.go:164.26,166.3 1 1
github.com/SamuelMarks/cdd-go/src/tests/emit.go:168.2,169.22 2 1
github.com/SamuelMarks/cdd-go/src/tests/emit.go:169.22,171.37 2 1
github.com/SamuelMarks/cdd-go/src/tests/emit.go:171.37,173.15 2 1
github.com/SamuelMarks/cdd-go/src/tests/emit.go:173.15,175.5 1 1
github.com/SamuelMarks/cdd-go/src/tests/emit.go:176.9,176.52 1 1
github.com/SamuelMarks/cdd-go/src/tests/emit.go:176.52,178.15 2 1
github.com/SamuelMarks/cdd-go/src/tests/emit.go:178.15,180.5 1 1
github.com/SamuelMarks/cdd-go/src/tests/emit.go:181.9,181.45 1 1
github.com/SamuelMarks/cdd-go/src/tests/emit.go:181.45,183.15 2 1
github.com/SamuelMarks/cdd-go/src/tests/emit.go:183.15,185.5 1 1
github.com/SamuelMarks/cdd-go/src/tests/emit.go:186.9,188.15 2 1
github.com/SamuelMarks/cdd-go/src/tests/emit.go:188.15,190.5 1 1
github.com/SamuelMarks/cdd-go/src/tests/emit.go:193.3,193.57 1 1
github.com/SamuelMarks/cdd-go/src/tests/emit.go:193.57,195.4 1 1
github.com/SamuelMarks/cdd-go/src/tests/emit.go:195.9,195.50 1 1
github.com/SamuelMarks/cdd-go/src/tests/emit.go:195.50,198.4 2 1
github.com/SamuelMarks/cdd-go/src/tests/emit.go:200.3,203.4 1 1
github.com/SamuelMarks/cdd-go/src/tests/emit.go:205.2,240.22 3 1
github.com/SamuelMarks/cdd-go/src/tests/emit.go:240.22,253.3 1 1
github.com/SamuelMarks/cdd-go/src/tests/emit.go:254.2,488.16 14 1
github.com/SamuelMarks/cdd-go/src/tests/emit.go:490.35,493.26 3 1
github.com/SamuelMarks/cdd-go/src/tests/emit.go:493.26,496.14 3 1
github.com/SamuelMarks/cdd-go/src/tests/emit.go:496.14,498.4 1 1
github.com/SamuelMarks/cdd-go/src/tests/emit.go:500.2,500.15 1 1
github.com/SamuelMarks/cdd-go/src/tests/emit.go:500.15,502.3 1 1
github.com/SamuelMarks/cdd-go/src/tests/emit.go:503.2,503.12 1 1
github.com/SamuelMarks/cdd-go/src/tests/parse.go:12.62,13.15 1 1
github.com/SamuelMarks/cdd-go/src/tests/parse.go:13.15,15.3 1 1
github.com/SamuelMarks/cdd-go/src/tests/parse.go:17.2,18.38 2 1
github.com/SamuelMarks/cdd-go/src/tests/parse.go:18.38,20.3 1 1
github.com/SamuelMarks/cdd-go/src/tests/parse.go:22.2,23.16 2 1
github.com/SamuelMarks/cdd-go/src/tests/parse.go:23.16,25.3 1 1
github.com/SamuelMarks/cdd-go/src/tests/parse.go:27.2,31.28 2 1
github.com/SamuelMarks/cdd-go/src/tests/parse.go:31.28,33.37 2 1
github.com/SamuelMarks/cdd-go/src/tests/parse.go:33.37,35.59 2 1
github.com/SamuelMarks/cdd-go/src/tests/parse.go:35.59,39.5 3 1
github.com/SamuelMarks/cdd-go/src/tests/parse.go:39.10,41.5 1 1
github.com/SamuelMarks/cdd-go/src/tests/parse.go:43.3,43.23 1 1
github.com/SamuelMarks/cdd-go/src/tests/parse.go:43.23,45.4 1 1
github.com/SamuelMarks/cdd-go/src/tests/parse.go:45.9,47.4 1 1
github.com/SamuelMarks/cdd-go/src/tests/parse.go:50.2,50.16 1 1
github.com/SamuelMarks/cdd-go/src/schemas/emit.go:14.61,15.46 1 1
github.com/SamuelMarks/cdd-go/src/schemas/emit.go:15.46,17.3 1 1
github.com/SamuelMarks/cdd-go/src/schemas/emit.go:19.2,25.54 2 1
github.com/SamuelMarks/cdd-go/src/schemas/emit.go:25.54,32.35 2 1
github.com/SamuelMarks/cdd-go/src/schemas/emit.go:32.35,34.4 1 1
github.com/SamuelMarks/cdd-go/src/schemas/emit.go:36.3,36.45 1 1
github.com/SamuelMarks/cdd-go/src/schemas/emit.go:39.2,50.30 3 1
github.com/SamuelMarks/cdd-go/src/schemas/emit.go:50.30,52.3 1 1
github.com/SamuelMarks/cdd-go/src/schemas/emit.go:53.2,53.23 1 1
github.com/SamuelMarks/cdd-go/src/schemas/emit.go:53.23,55.3 1 1
github.com/SamuelMarks/cdd-go/src/schemas/emit.go:57.2,57.13 1 1
github.com/SamuelMarks/cdd-go/src/schemas/emit.go:61.43,62.14 1 1
github.com/SamuelMarks/cdd-go/src/schemas/emit.go:62.14,64.3 1 1
github.com/SamuelMarks/cdd-go/src/schemas/emit.go:66.2,66.17 1 1
github.com/SamuelMarks/cdd-go/src/schemas/emit.go:66.17,69.3 2 1
github.com/SamuelMarks/cdd-go/src/schemas/emit.go:71.2,71.16 1 1
github.com/SamuelMarks/cdd-go/src/schemas/emit.go:72.17,73.29 1 1
github.com/SamuelMarks/cdd-go/src/schemas/emit.go:74.16,75.33 1 1
github.com/SamuelMarks/cdd-go/src/schemas/emit.go:76.17,77.30 1 1
github.com/SamuelMarks/cdd-go/src/schemas/emit.go:78.16,79.32 1 1
github.com/SamuelMarks/cdd-go/src/schemas/emit.go:80.15,81.48 1 1
github.com/SamuelMarks/cdd-go/src/schemas/emit.go:82.16,83.36 1 1
github.com/SamuelMarks/cdd-go/src/schemas/emit.go:83.36,88.4 1 1
github.com/SamuelMarks/cdd-go/src/schemas/emit.go:89.3,89.37 1 1
github.com/SamuelMarks/cdd-go/src/schemas/emit.go:90.10,91.37 1 1
github.com/SamuelMarks/cdd-go/src/schemas/emit.go:95.36,96.13 1 1
github.com/SamuelMarks/cdd-go/src/schemas/emit.go:96.13,98.3 1 1
github.com/SamuelMarks/cdd-go/src/schemas/emit.go:99.2,101.26 3 1
github.com/SamuelMarks/cdd-go/src/schemas/emit.go:101.26,102.14 1 1
github.com/SamuelMarks/cdd-go/src/schemas/emit.go:102.14,104.4 1 1
github.com/SamuelMarks/cdd-go/src/schemas/emit.go:106.2,106.12 1 1
github.com/SamuelMarks/cdd-go/src/schemas/parse.go:13.57,14.43 1 1
github.com/SamuelMarks/cdd-go/src/schemas/parse.go:14.43,16.3 1 1
github.com/SamuelMarks/cdd-go/src/schemas/parse.go:18.2,18.34 1 1
github.com/SamuelMarks/cdd-go/src/schemas/parse.go:18.34,19.41 1 1
github.com/SamuelMarks/cdd-go/src/schemas/parse.go:19.41,27.32 3 1
github.com/SamuelMarks/cdd-go/src/schemas/parse.go:27.32,29.5 1 1
github.com/SamuelMarks/cdd-go/src/schemas/parse.go:31.4,31.67 1 1
github.com/SamuelMarks/cdd-go/src/schemas/parse.go:31.67,32.38 1 1
github.com/SamuelMarks/cdd-go/src/schemas/parse.go:32.38,33.27 1 1
github.com/SamuelMarks/cdd-go/src/schemas/parse.go:33.27,34.15 1 1
github.com/SamuelMarks/cdd-go/src/schemas/parse.go:37.6,40.22 3 1
github.com/SamuelMarks/cdd-go/src/schemas/parse.go:40.22,42.45 2 1
github.com/SamuelMarks/cdd-go/src/schemas/parse.go:42.45,44.26 2 1
github.com/SamuelMarks/cdd-go/src/schemas/parse.go:44.26,46.46 2 1
github.com/SamuelMarks/cdd-go/src/schemas/parse.go:46.46,48.10 1 1
github.com/SamuelMarks/cdd-go/src/schemas/parse.go:53.6,54.31 2 1
github.com/SamuelMarks/cdd-go/src/schemas/parse.go:54.31,56.7 1 1
github.com/SamuelMarks/cdd-go/src/schemas/parse.go:58.6,58.47 1 1
github.com/SamuelMarks/cdd-go/src/schemas/parse.go:61.5,61.24 1 1
github.com/SamuelMarks/cdd-go/src/schemas/parse.go:62.10,62.51 1 1
github.com/SamuelMarks/cdd-go/src/schemas/parse.go:62.51,67.5 4 1
github.com/SamuelMarks/cdd-go/src/schemas/parse.go:71.2,71.16 1 1
github.com/SamuelMarks/cdd-go/src/schemas/parse.go:75.47,76.17 1 1
github.com/SamuelMarks/cdd-go/src/schemas/parse.go:76.17,78.3 1 1
github.com/SamuelMarks/cdd-go/src/schemas/parse.go:80.2,80.26 1 1
github.com/SamuelMarks/cdd-go/src/schemas/parse.go:81.18,82.17 1 1
github.com/SamuelMarks/cdd-go/src/schemas/parse.go:83.32,84.43 1 1
github.com/SamuelMarks/cdd-go/src/schemas/parse.go:85.29,86.42 1 1
github.com/SamuelMarks/cdd-go/src/schemas/parse.go:87.15,88.43 1 1
github.com/SamuelMarks/cdd-go/src/schemas/parse.go:89.17,90.42 1 1
github.com/SamuelMarks/cdd-go/src/schemas/parse.go:91.14,92.28 1 1
github.com/SamuelMarks/cdd-go/src/schemas/parse.go:93.11,94.65 1 1
github.com/SamuelMarks/cdd-go/src/schemas/parse.go:96.21,97.24 1 1
github.com/SamuelMarks/cdd-go/src/schemas/parse.go:98.22,99.65 1 1
github.com/SamuelMarks/cdd-go/src/schemas/parse.go:100.20,101.83 1 1
github.com/SamuelMarks/cdd-go/src/schemas/parse.go:102.25,103.80 1 1
github.com/SamuelMarks/cdd-go/src/schemas/parse.go:103.80,105.4 1 1
github.com/SamuelMarks/cdd-go/src/schemas/parse.go:108.2,108.26 1 1
github.com/SamuelMarks/cdd-go/src/security/emit.go:12.69,13.24 1 1
github.com/SamuelMarks/cdd-go/src/security/emit.go:13.24,15.3 1 1
github.com/SamuelMarks/cdd-go/src/security/emit.go:17.2,29.34 2 1
github.com/SamuelMarks/cdd-go/src/security/emit.go:29.34,40.35 2 1
github.com/SamuelMarks/cdd-go/src/security/emit.go:40.35,47.33 2 1
github.com/SamuelMarks/cdd-go/src/security/emit.go:47.33,52.5 1 1
github.com/SamuelMarks/cdd-go/src/security/emit.go:54.4,60.6 1 1
github.com/SamuelMarks/cdd-go/src/security/emit.go:62.3,62.36 1 1
github.com/SamuelMarks/cdd-go/src/security/emit.go:65.2,65.11 1 1
github.com/SamuelMarks/cdd-go/src/security/parse.go:12.57,13.17 1 1
github.com/SamuelMarks/cdd-go/src/security/parse.go:13.17,15.3 1 1
github.com/SamuelMarks/cdd-go/src/security/parse.go:17.2,18.9 2 1
github.com/SamuelMarks/cdd-go/src/security/parse.go:18.9,20.3 1 1
github.com/SamuelMarks/cdd-go/src/security/parse.go:22.2,24.30 2 1
github.com/SamuelMarks/cdd-go/src/security/parse.go:24.30,26.10 2 1
github.com/SamuelMarks/cdd-go/src/security/parse.go:26.10,27.12 1 1
github.com/SamuelMarks/cdd-go/src/security/parse.go:30.3,31.38 2 1
github.com/SamuelMarks/cdd-go/src/security/parse.go:31.38,33.11 2 1
github.com/SamuelMarks/cdd-go/src/security/parse.go:33.11,34.13 1 1
github.com/SamuelMarks/cdd-go/src/security/parse.go:37.4,38.42 2 1
github.com/SamuelMarks/cdd-go/src/security/parse.go:38.42,39.13 1 1
github.com/SamuelMarks/cdd-go/src/security/parse.go:42.4,43.18 2 1
github.com/SamuelMarks/cdd-go/src/security/parse.go:43.18,45.5 1 1
github.com/SamuelMarks/cdd-go/src/security/parse.go:47.4,48.11 2 1
github.com/SamuelMarks/cdd-go/src/security/parse.go:48.11,49.13 1 1
github.com/SamuelMarks/cdd-go/src/security/parse.go:52.4,53.41 2 1
github.com/SamuelMarks/cdd-go/src/security/parse.go:53.41,54.86 1 1
github.com/SamuelMarks/cdd-go/src/security/parse.go:54.86,56.20 2 1
github.com/SamuelMarks/cdd-go/src/security/parse.go:56.20,58.7 1 1
github.com/SamuelMarks/cdd-go/src/security/parse.go:59.6,59.32 1 1
github.com/SamuelMarks/cdd-go/src/security/parse.go:63.4,63.24 1 1
github.com/SamuelMarks/cdd-go/src/security/parse.go:66.3,66.22 1 1
github.com/SamuelMarks/cdd-go/src/security/parse.go:66.22,68.4 1 1
github.com/SamuelMarks/cdd-go/src/security/parse.go:71.2,71.24 1 1
github.com/SamuelMarks/cdd-go/src/security/parse.go:71.24,73.3 1 1
github.com/SamuelMarks/cdd-go/src/security/parse.go:75.2,75.17 1 1
github.com/SamuelMarks/cdd-go/src/servers/emit.go:12.50,13.23 1 1
github.com/SamuelMarks/cdd-go/src/servers/emit.go:13.23,15.3 1 1
github.com/SamuelMarks/cdd-go/src/servers/emit.go:17.2,31.30 2 1
github.com/SamuelMarks/cdd-go/src/servers/emit.go:31.30,41.28 2 1
github.com/SamuelMarks/cdd-go/src/servers/emit.go:41.28,46.4 1 1
github.com/SamuelMarks/cdd-go/src/servers/emit.go:48.3,48.39 1 1
github.com/SamuelMarks/cdd-go/src/servers/emit.go:51.2,61.13 2 1
github.com/SamuelMarks/cdd-go/src/servers/parse.go:12.57,13.42 1 1
github.com/SamuelMarks/cdd-go/src/servers/parse.go:13.42,15.3 1 1
github.com/SamuelMarks/cdd-go/src/servers/parse.go:17.2,17.34 1 1
github.com/SamuelMarks/cdd-go/src/servers/parse.go:17.34,18.42 1 1
github.com/SamuelMarks/cdd-go/src/servers/parse.go:18.42,19.80 1 1
github.com/SamuelMarks/cdd-go/src/servers/parse.go:19.80,20.55 1 1
github.com/SamuelMarks/cdd-go/src/servers/parse.go:20.55,22.34 2 1
github.com/SamuelMarks/cdd-go/src/servers/parse.go:22.34,23.52 1 1
github.com/SamuelMarks/cdd-go/src/servers/parse.go:23.52,25.43 2 1
github.com/SamuelMarks/cdd-go/src/servers/parse.go:25.43,26.53 1 1
github.com/SamuelMarks/cdd-go/src/servers/parse.go:26.53,27.53 1 1
github.com/SamuelMarks/cdd-go/src/servers/parse.go:27.53,28.88 1 1
github.com/SamuelMarks/cdd-go/src/servers/parse.go:28.88,30.33 2 1
github.com/SamuelMarks/cdd-go/src/servers/parse.go:31.23,32.26 1 1
github.com/SamuelMarks/cdd-go/src/servers/parse.go:33.31,34.34 1 1
github.com/SamuelMarks/cdd-go/src/servers/parse.go:40.8,40.38 1 1
github.com/SamuelMarks/cdd-go/src/servers/parse.go:43.6,43.25 1 1
github.com/SamuelMarks/cdd-go/src/servers/parse.go:49.2,49.17 1 1
github.com/SamuelMarks/cdd-go/src/securityschemes/emit.go:13.69,14.19 1 1
github.com/SamuelMarks/cdd-go/src/securityschemes/emit.go:14.19,16.3 1 1
github.com/SamuelMarks/cdd-go/src/securityschemes/emit.go:18.2,36.38 2 1
github.com/SamuelMarks/cdd-go/src/securityschemes/emit.go:36.38,37.18 1 1
github.com/SamuelMarks/cdd-go/src/securityschemes/emit.go:37.18,42.4 1 1
github.com/SamuelMarks/cdd-go/src/securityschemes/emit.go:45.2,53.25 8 1
github.com/SamuelMarks/cdd-go/src/securityschemes/emit.go:53.25,55.22 2 1
github.com/SamuelMarks/cdd-go/src/securityschemes/emit.go:55.22,60.4 1 1
github.com/SamuelMarks/cdd-go/src/securityschemes/emit.go:63.2,73.13 2 1
github.com/SamuelMarks/cdd-go/src/securityschemes/emit.go:76.36,77.13 1 1
github.com/SamuelMarks/cdd-go/src/securityschemes/emit.go:77.13,79.3 1 1
github.com/SamuelMarks/cdd-go/src/securityschemes/emit.go:80.2,80.32 1 1
github.com/SamuelMarks/cdd-go/src/securityschemes/emit.go:80.32,82.3 1 1
github.com/SamuelMarks/cdd-go/src/securityschemes/emit.go:83.2,83.10 1 1
github.com/SamuelMarks/cdd-go/src/securityschemes/parse.go:14.65,15.42 1 1
github.com/SamuelMarks/cdd-go/src/securityschemes/parse.go:15.42,17.3 1 1
github.com/SamuelMarks/cdd-go/src/securityschemes/parse.go:19.2,19.34 1 1
github.com/SamuelMarks/cdd-go/src/securityschemes/parse.go:19.34,20.42 1 1
github.com/SamuelMarks/cdd-go/src/securityschemes/parse.go:20.42,21.104 1 1
github.com/SamuelMarks/cdd-go/src/securityschemes/parse.go:21.104,22.55 1 1
github.com/SamuelMarks/cdd-go/src/securityschemes/parse.go:22.55,24.20 2 1
github.com/SamuelMarks/cdd-go/src/securityschemes/parse.go:24.20,26.7 1 1
github.com/SamuelMarks/cdd-go/src/securityschemes/parse.go:28.6,31.34 3 1
github.com/SamuelMarks/cdd-go/src/securityschemes/parse.go:31.34,32.48 1 1
github.com/SamuelMarks/cdd-go/src/securityschemes/parse.go:32.48,33.51 1 1
github.com/SamuelMarks/cdd-go/src/securityschemes/parse.go:33.51,34.86 1 1
github.com/SamuelMarks/cdd-go/src/securityschemes/parse.go:34.86,36.31 2 1
github.com/SamuelMarks/cdd-go/src/securityschemes/parse.go:37.22,39.28 2 1
github.com/SamuelMarks/cdd-go/src/securityschemes/parse.go:40.29,42.28 2 1
github.com/SamuelMarks/cdd-go/src/securityschemes/parse.go:43.22,45.28 2 1
github.com/SamuelMarks/cdd-go/src/securityschemes/parse.go:46.20,48.28 2 1
github.com/SamuelMarks/cdd-go/src/securityschemes/parse.go:49.24,51.28 2 1
github.com/SamuelMarks/cdd-go/src/securityschemes/parse.go:52.30,54.28 2 1
github.com/SamuelMarks/cdd-go/src/securityschemes/parse.go:55.34,57.28 2 1
github.com/SamuelMarks/cdd-go/src/securityschemes/parse.go:59.15,59.93 1 1
github.com/SamuelMarks/cdd-go/src/securityschemes/parse.go:59.93,61.26 2 1
github.com/SamuelMarks/cdd-go/src/securityschemes/parse.go:61.26,64.11 2 1
github.com/SamuelMarks/cdd-go/src/securityschemes/parse.go:70.6,70.20 1 1
github.com/SamuelMarks/cdd-go/src/securityschemes/parse.go:70.20,72.7 1 1
github.com/SamuelMarks/cdd-go/src/securityschemes/parse.go:78.2,78.16 1 1
github.com/SamuelMarks/cdd-go/src/tags/emit.go:12.44,13.20 1 1
github.com/SamuelMarks/cdd-go/src/tags/emit.go:13.20,15.3 1 1
github.com/SamuelMarks/cdd-go/src/tags/emit.go:17.2,31.27 2 1
github.com/SamuelMarks/cdd-go/src/tags/emit.go:31.27,41.28 2 1
github.com/SamuelMarks/cdd-go/src/tags/emit.go:41.28,46.4 1 1
github.com/SamuelMarks/cdd-go/src/tags/emit.go:48.3,48.36 1 1
github.com/SamuelMarks/cdd-go/src/tags/emit.go:51.2,61.13 2 1
github.com/SamuelMarks/cdd-go/src/tags/parse.go:12.54,13.42 1 1
github.com/SamuelMarks/cdd-go/src/tags/parse.go:13.42,15.3 1 1
github.com/SamuelMarks/cdd-go/src/tags/parse.go:17.2,17.34 1 1
github.com/SamuelMarks/cdd-go/src/tags/parse.go:17.34,18.42 1 1
github.com/SamuelMarks/cdd-go/src/tags/parse.go:18.42,19.77 1 1
github.com/SamuelMarks/cdd-go/src/tags/parse.go:19.77,20.55 1 1
github.com/SamuelMarks/cdd-go/src/tags/parse.go:20.55,22.34 2 1
github.com/SamuelMarks/cdd-go/src/tags/parse.go:22.34,23.52 1 1
github.com/SamuelMarks/cdd-go/src/tags/parse.go:23.52,25.43 2 1
github.com/SamuelMarks/cdd-go/src/tags/parse.go:25.43,26.53 1 1
github.com/SamuelMarks/cdd-go/src/tags/parse.go:26.53,27.53 1 1
github.com/SamuelMarks/cdd-go/src/tags/parse.go:27.53,28.88 1 1
github.com/SamuelMarks/cdd-go/src/tags/parse.go:28.88,30.33 2 1
github.com/SamuelMarks/cdd-go/src/tags/parse.go:31.24,32.27 1 1
github.com/SamuelMarks/cdd-go/src/tags/parse.go:33.31,34.34 1 1
github.com/SamuelMarks/cdd-go/src/tags/parse.go:40.8,40.32 1 1
github.com/SamuelMarks/cdd-go/src/tags/parse.go:43.6,43.22 1 1
github.com/SamuelMarks/cdd-go/src/tags/parse.go:49.2,49.17 1 1
github.com/SamuelMarks/cdd-go/src/webhooks/emit.go:12.75,13.21 1 1
github.com/SamuelMarks/cdd-go/src/webhooks/emit.go:13.21,15.3 1 1
github.com/SamuelMarks/cdd-go/src/webhooks/emit.go:17.2,22.29 2 1
github.com/SamuelMarks/cdd-go/src/webhooks/emit.go:22.29,36.3 2 1
github.com/SamuelMarks/cdd-go/src/webhooks/emit.go:38.2,47.13 2 1
github.com/SamuelMarks/cdd-go/src/webhooks/emit.go:50.36,51.13 1 1
github.com/SamuelMarks/cdd-go/src/webhooks/emit.go:51.13,53.3 1 1
github.com/SamuelMarks/cdd-go/src/webhooks/emit.go:54.2,54.32 1 1
github.com/SamuelMarks/cdd-go/src/webhooks/emit.go:54.32,56.3 1 1
github.com/SamuelMarks/cdd-go/src/webhooks/emit.go:57.2,57.10 1 1
github.com/SamuelMarks/cdd-go/src/webhooks/parse.go:13.69,14.42 1 1
github.com/SamuelMarks/cdd-go/src/webhooks/parse.go:14.42,16.3 1 1
github.com/SamuelMarks/cdd-go/src/webhooks/parse.go:18.2,18.34 1 1
github.com/SamuelMarks/cdd-go/src/webhooks/parse.go:18.34,19.42 1 1
github.com/SamuelMarks/cdd-go/src/webhooks/parse.go:19.42,20.97 1 1
github.com/SamuelMarks/cdd-go/src/webhooks/parse.go:20.97,21.55 1 1
github.com/SamuelMarks/cdd-go/src/webhooks/parse.go:21.55,23.20 2 1
github.com/SamuelMarks/cdd-go/src/webhooks/parse.go:23.20,25.7 1 1
github.com/SamuelMarks/cdd-go/src/webhooks/parse.go:27.6,30.34 3 1
github.com/SamuelMarks/cdd-go/src/webhooks/parse.go:30.34,31.48 1 1
github.com/SamuelMarks/cdd-go/src/webhooks/parse.go:31.48,32.83 1 1
github.com/SamuelMarks/cdd-go/src/webhooks/parse.go:32.83,34.58 2 1
github.com/SamuelMarks/cdd-go/src/webhooks/parse.go:34.58,36.43 2 1
github.com/SamuelMarks/cdd-go/src/webhooks/parse.go:36.43,37.56 1 1
github.com/SamuelMarks/cdd-go/src/webhooks/parse.go:37.56,38.81 1 1
github.com/SamuelMarks/cdd-go/src/webhooks/parse.go:38.81,39.90 1 1
github.com/SamuelMarks/cdd-go/src/webhooks/parse.go:39.90,42.14 2 1
github.com/SamuelMarks/cdd-go/src/webhooks/parse.go:46.10,46.31 1 1
github.com/SamuelMarks/cdd-go/src/webhooks/parse.go:52.6,52.20 1 1
github.com/SamuelMarks/cdd-go/src/webhooks/parse.go:52.20,54.7 1 1
github.com/SamuelMarks/cdd-go/src/webhooks/parse.go:60.2,60.16 1 1
github.com/SamuelMarks/cdd-go/cmd/cdd-go/main.go:15.13,16.41 1 1
github.com/SamuelMarks/cdd-go/cmd/cdd-go/main.go:16.41,19.3 2 1
github.com/SamuelMarks/cdd-go/cmd/cdd-go/main.go:22.43,23.38 1 1
github.com/SamuelMarks/cdd-go/cmd/cdd-go/main.go:23.38,25.3 1 1
github.com/SamuelMarks/cdd-go/cmd/cdd-go/main.go:26.2,26.12 1 1
github.com/SamuelMarks/cdd-go/cmd/cdd-go/main.go:29.50,30.38 1 1
github.com/SamuelMarks/cdd-go/cmd/cdd-go/main.go:30.38,32.3 1 1
github.com/SamuelMarks/cdd-go/cmd/cdd-go/main.go:33.2,33.12 1 1
github.com/SamuelMarks/cdd-go/cmd/cdd-go/main.go:36.31,37.19 1 1
github.com/SamuelMarks/cdd-go/cmd/cdd-go/main.go:37.19,39.3 1 1
github.com/SamuelMarks/cdd-go/cmd/cdd-go/main.go:41.2,44.20 3 1
github.com/SamuelMarks/cdd-go/cmd/cdd-go/main.go:45.30,57.13 12 1
github.com/SamuelMarks/cdd-go/cmd/cdd-go/main.go:58.36,60.13 2 1
github.com/SamuelMarks/cdd-go/cmd/cdd-go/main.go:61.25,62.36 1 1
github.com/SamuelMarks/cdd-go/cmd/cdd-go/main.go:63.22,64.20 1 1
github.com/SamuelMarks/cdd-go/cmd/cdd-go/main.go:64.20,66.4 1 1
github.com/SamuelMarks/cdd-go/cmd/cdd-go/main.go:67.3,81.44 12 1
github.com/SamuelMarks/cdd-go/cmd/cdd-go/main.go:81.44,83.4 1 1
github.com/SamuelMarks/cdd-go/cmd/cdd-go/main.go:84.3,84.16 1 1
github.com/SamuelMarks/cdd-go/cmd/cdd-go/main.go:84.16,86.18 2 1
github.com/SamuelMarks/cdd-go/cmd/cdd-go/main.go:86.18,88.5 1 1
github.com/SamuelMarks/cdd-go/cmd/cdd-go/main.go:89.4,89.13 1 1
github.com/SamuelMarks/cdd-go/cmd/cdd-go/main.go:91.3,92.24 2 1
github.com/SamuelMarks/cdd-go/cmd/cdd-go/main.go:92.24,94.4 1 1
github.com/SamuelMarks/cdd-go/cmd/cdd-go/main.go:95.3,95.107 1 1
github.com/SamuelMarks/cdd-go/cmd/cdd-go/main.go:96.20,102.44 5 1
github.com/SamuelMarks/cdd-go/cmd/cdd-go/main.go:102.44,104.4 1 1
github.com/SamuelMarks/cdd-go/cmd/cdd-go/main.go:106.3,106.35 1 1
github.com/SamuelMarks/cdd-go/cmd/cdd-go/main.go:107.22,108.33 1 1
github.com/SamuelMarks/cdd-go/cmd/cdd-go/main.go:109.10,110.58 1 1
github.com/SamuelMarks/cdd-go/cmd/cdd-go/server_json_rpc.go:26.44,36.39 7 1
github.com/SamuelMarks/cdd-go/cmd/cdd-go/server_json_rpc.go:36.39,38.3 1 1
github.com/SamuelMarks/cdd-go/cmd/cdd-go/server_json_rpc.go:40.2,43.68 3 1
github.com/SamuelMarks/cdd-go/cmd/cdd-go/server_json_rpc.go:43.68,44.34 1 1
github.com/SamuelMarks/cdd-go/cmd/cdd-go/server_json_rpc.go:44.34,47.4 2 1
github.com/SamuelMarks/cdd-go/cmd/cdd-go/server_json_rpc.go:49.3,50.62 2 1
github.com/SamuelMarks/cdd-go/cmd/cdd-go/server_json_rpc.go:50.62,53.4 2 1
github.com/SamuelMarks/cdd-go/cmd/cdd-go/server_json_rpc.go:55.3,58.21 3 1
github.com/SamuelMarks/cdd-go/cmd/cdd-go/server_json_rpc.go:59.18,60.20 1 1
github.com/SamuelMarks/cdd-go/cmd/cdd-go/server_json_rpc.go:61.23,63.62 2 1
github.com/SamuelMarks/cdd-go/cmd/cdd-go/server_json_rpc.go:63.62,76.19 9 1
github.com/SamuelMarks/cdd-go/cmd/cdd-go/server_json_rpc.go:76.19,78.6 1 1
github.com/SamuelMarks/cdd-go/cmd/cdd-go/server_json_rpc.go:78.11,80.68 2 1
github.com/SamuelMarks/cdd-go/cmd/cdd-go/server_json_rpc.go:80.68,82.7 1 1
github.com/SamuelMarks/cdd-go/cmd/cdd-go/server_json_rpc.go:82.12,84.7 1 1
github.com/SamuelMarks/cdd-go/cmd/cdd-go/server_json_rpc.go:86.10,88.5 1 1
github.com/SamuelMarks/cdd-go/cmd/cdd-go/server_json_rpc.go:89.21,91.62 2 1
github.com/SamuelMarks/cdd-go/cmd/cdd-go/server_json_rpc.go:91.62,93.19 2 1
github.com/SamuelMarks/cdd-go/cmd/cdd-go/server_json_rpc.go:93.19,95.6 1 1
github.com/SamuelMarks/cdd-go/cmd/cdd-go/server_json_rpc.go:95.11,97.6 1 1
github.com/SamuelMarks/cdd-go/cmd/cdd-go/server_json_rpc.go:98.10,100.5 1 1
github.com/SamuelMarks/cdd-go/cmd/cdd-go/server_json_rpc.go:101.23,104.62 3 1
github.com/SamuelMarks/cdd-go/cmd/cdd-go/server_json_rpc.go:104.62,106.19 2 1
github.com/SamuelMarks/cdd-go/cmd/cdd-go/server_json_rpc.go:106.19,108.6 1 1
github.com/SamuelMarks/cdd-go/cmd/cdd-go/server_json_rpc.go:108.11,110.6 1 1
github.com/SamuelMarks/cdd-go/cmd/cdd-go/server_json_rpc.go:111.10,111.72 1 1
github.com/SamuelMarks/cdd-go/cmd/cdd-go/server_json_rpc.go:111.72,114.69 3 1
github.com/SamuelMarks/cdd-go/cmd/cdd-go/server_json_rpc.go:114.69,116.6 1 1
github.com/SamuelMarks/cdd-go/cmd/cdd-go/server_json_rpc.go:117.5,117.62 1 1
github.com/SamuelMarks/cdd-go/cmd/cdd-go/server_json_rpc.go:117.62,119.6 1 1
github.com/SamuelMarks/cdd-go/cmd/cdd-go/server_json_rpc.go:120.5,120.72 1 1
github.com/SamuelMarks/cdd-go/cmd/cdd-go/server_json_rpc.go:120.72,122.6 1 1
github.com/SamuelMarks/cdd-go/cmd/cdd-go/server_json_rpc.go:123.5,123.65 1 1
github.com/SamuelMarks/cdd-go/cmd/cdd-go/server_json_rpc.go:123.65,125.6 1 1
github.com/SamuelMarks/cdd-go/cmd/cdd-go/server_json_rpc.go:126.5,126.78 1 1
github.com/SamuelMarks/cdd-go/cmd/cdd-go/server_json_rpc.go:126.78,128.6 1 1
github.com/SamuelMarks/cdd-go/cmd/cdd-go/server_json_rpc.go:129.5,129.85 1 1
github.com/SamuelMarks/cdd-go/cmd/cdd-go/server_json_rpc.go:129.85,131.6 1 1
github.com/SamuelMarks/cdd-go/cmd/cdd-go/server_json_rpc.go:132.5,132.72 1 1
github.com/SamuelMarks/cdd-go/cmd/cdd-go/server_json_rpc.go:132.72,134.6 1 1
github.com/SamuelMarks/cdd-go/cmd/cdd-go/server_json_rpc.go:135.5,136.19 2 1
github.com/SamuelMarks/cdd-go/cmd/cdd-go/server_json_rpc.go:136.19,138.6 1 1
github.com/SamuelMarks/cdd-go/cmd/cdd-go/server_json_rpc.go:138.11,140.6 1 1
github.com/SamuelMarks/cdd-go/cmd/cdd-go/server_json_rpc.go:141.10,143.5 1 1
github.com/SamuelMarks/cdd-go/cmd/cdd-go/server_json_rpc.go:144.11,145.32 1 1
github.com/SamuelMarks/cdd-go/cmd/cdd-go/server_json_rpc.go:148.3,155.34 3 1
github.com/SamuelMarks/cdd-go/cmd/cdd-go/server_json_rpc.go:158.2,158.39 1 1
github.com/SamuelMarks/cdd-go/cmd/cdd-go/to_docs_json.go:35.41,50.39 12 1
github.com/SamuelMarks/cdd-go/cmd/cdd-go/to_docs_json.go:50.39,52.3 1 1
github.com/SamuelMarks/cdd-go/cmd/cdd-go/to_docs_json.go:54.2,54.14 1 1
github.com/SamuelMarks/cdd-go/cmd/cdd-go/to_docs_json.go:54.14,56.3 1 1
github.com/SamuelMarks/cdd-go/cmd/cdd-go/to_docs_json.go:58.2,59.16 2 1
github.com/SamuelMarks/cdd-go/cmd/cdd-go/to_docs_json.go:59.16,61.3 1 1
github.com/SamuelMarks/cdd-go/cmd/cdd-go/to_docs_json.go:62.2,65.16 3 1
github.com/SamuelMarks/cdd-go/cmd/cdd-go/to_docs_json.go:65.16,67.3 1 1
github.com/SamuelMarks/cdd-go/cmd/cdd-go/to_docs_json.go:69.2,71.35 2 1
github.com/SamuelMarks/cdd-go/cmd/cdd-go/to_docs_json.go:71.35,83.35 2 1
github.com/SamuelMarks/cdd-go/cmd/cdd-go/to_docs_json.go:83.35,84.17 1 1
github.com/SamuelMarks/cdd-go/cmd/cdd-go/to_docs_json.go:84.17,85.13 1 1
github.com/SamuelMarks/cdd-go/cmd/cdd-go/to_docs_json.go:88.4,89.18 2 1
github.com/SamuelMarks/cdd-go/cmd/cdd-go/to_docs_json.go:89.18,91.5 1 1
github.com/SamuelMarks/cdd-go/cmd/cdd-go/to_docs_json.go:93.4,94.18 2 1
github.com/SamuelMarks/cdd-go/cmd/cdd-go/to_docs_json.go:94.18,97.5 2 1
github.com/SamuelMarks/cdd-go/cmd/cdd-go/to_docs_json.go:99.4,101.19 3 1
github.com/SamuelMarks/cdd-go/cmd/cdd-go/to_docs_json.go:101.19,106.5 4 1
github.com/SamuelMarks/cdd-go/cmd/cdd-go/to_docs_json.go:108.4,126.6 2 1
github.com/SamuelMarks/cdd-go/cmd/cdd-go/to_docs_json.go:130.2,130.23 1 1
github.com/SamuelMarks/cdd-go/cmd/cdd-go/to_docs_json.go:130.23,132.3 1 1
github.com/SamuelMarks/cdd-go/cmd/cdd-go/to_docs_json.go:134.2,142.15 3 1
github.com/SamuelMarks/cdd-go/cmd/cdd-go/to_docs_json.go:142.15,144.17 2 1
github.com/SamuelMarks/cdd-go/cmd/cdd-go/to_docs_json.go:144.17,146.4 1 1
github.com/SamuelMarks/cdd-go/cmd/cdd-go/to_docs_json.go:147.3,148.25 2 1
github.com/SamuelMarks/cdd-go/cmd/cdd-go/to_docs_json.go:151.2,153.47 3 1
github.com/SamuelMarks/cdd-go/cmd/cdd-go/to_docs_json.go:153.47,155.3 1 1
github.com/SamuelMarks/cdd-go/cmd/cdd-go/to_docs_json.go:157.2,157.12 1 1
